2017.11.18 15:41:35 org.jivesoftware.openfire.OfflineMessageStore - 内部服务器错误
java.lang.NullPointerException
	at java.io.Reader.<init>(Reader.java:78)
	at java.io.InputStreamReader.<init>(InputStreamReader.java:97)
	at org.jivesoftware.util.PropertiesImpl.load(PropertiesImpl.java:46)
	at org.jivesoftware.util.PropertyUtil.getProperty(PropertyUtil.java:33)
	at org.jivesoftware.openfire.OfflineMessageStore.addMessage(OfflineMessageStore.java:191)
	at org.jivesoftware.openfire.OfflineMessageStrategy.store(OfflineMessageStrategy.java:196)
	at org.jivesoftware.openfire.OfflineMessageStrategy.storeOffline(OfflineMessageStrategy.java:149)
	at org.jivesoftware.openfire.MessageRouter.routingFailed(MessageRouter.java:277)
	at org.jivesoftware.openfire.spi.RoutingTableImpl.routePacket(RoutingTableImpl.java:273)
	at org.jivesoftware.openfire.MessageRouter.route(MessageRouter.java:139)
	at org.jivesoftware.openfire.spi.PacketRouterImpl.route(PacketRouterImpl.java:83)
	at org.jivesoftware.openfire.spi.PacketRouterImpl.route(PacketRouterImpl.java:63)
	at org.jivesoftware.openfire.component.InternalComponentManager.sendPacket(InternalComponentManager.java:288)
	at org.jivesoftware.openfire.plugin.sendmsg.SendMsgServlet.doGet(SendMsgServlet.java:63)
	at javax.servlet.http.HttpServlet.service(HttpServlet.java:687)
	at javax.servlet.http.HttpServlet.service(HttpServlet.java:790)
	at org.jivesoftware.openfire.container.PluginServlet.handleServlet(PluginServlet.java:410)
	at org.jivesoftware.openfire.container.PluginServlet.service(PluginServlet.java:107)
	at javax.servlet.http.HttpServlet.service(HttpServlet.java:790)
	at org.eclipse.jetty.servlet.ServletHolder.handle(ServletHolder.java:812)
	at org.eclipse.jetty.servlet.ServletHandler$CachedChain.doFilter(ServletHandler.java:1669)
	at org.jivesoftware.admin.PluginFilter.doFilter(PluginFilter.java:226)
	at org.eclipse.jetty.servlet.ServletHandler$CachedChain.doFilter(ServletHandler.java:1652)
	at org.jivesoftware.admin.AuthCheckFilter.doFilter(AuthCheckFilter.java:165)
	at org.eclipse.jetty.servlet.ServletHandler$CachedChain.doFilter(ServletHandler.java:1652)
	at com.opensymphony.module.sitemesh.filter.PageFilter.doFilter(PageFilter.java:39)
	at org.eclipse.jetty.servlet.ServletHandler$CachedChain.doFilter(ServletHandler.java:1652)
	at org.eclipse.jetty.servlet.ServletHandler.doHandle(ServletHandler.java:585)
	at org.eclipse.jetty.server.handler.ScopedHandler.handle(ScopedHandler.java:143)
	at org.eclipse.jetty.security.SecurityHandler.handle(SecurityHandler.java:577)
	at org.eclipse.jetty.server.session.SessionHandler.doHandle(SessionHandler.java:223)
	at org.eclipse.jetty.server.handler.ContextHandler.doHandle(ContextHandler.java:1127)
	at org.eclipse.jetty.servlet.ServletHandler.doScope(ServletHandler.java:515)
	at org.eclipse.jetty.server.session.SessionHandler.doScope(SessionHandler.java:185)
	at org.eclipse.jetty.server.handler.ContextHandler.doScope(ContextHandler.java:1061)
	at org.eclipse.jetty.server.handler.ScopedHandler.handle(ScopedHandler.java:141)
	at org.eclipse.jetty.server.handler.ContextHandlerCollection.handle(ContextHandlerCollection.java:215)
	at org.eclipse.jetty.server.handler.HandlerCollection.handle(HandlerCollection.java:110)
	at org.eclipse.jetty.server.handler.HandlerWrapper.handle(HandlerWrapper.java:97)
	at org.eclipse.jetty.server.Server.handle(Server.java:499)
	at org.eclipse.jetty.server.HttpChannel.handle(HttpChannel.java:311)
	at org.eclipse.jetty.server.HttpConnection.onFillable(HttpConnection.java:257)
	at org.eclipse.jetty.io.AbstractConnection$2.run(AbstractConnection.java:544)
	at org.eclipse.jetty.util.thread.QueuedThreadPool.runJob(QueuedThreadPool.java:635)
	at org.eclipse.jetty.util.thread.QueuedThreadPool$3.run(QueuedThreadPool.java:555)
	at java.lang.Thread.run(Thread.java:745)
2017.11.18 15:41:35 org.jivesoftware.openfire.container.PluginServlet - 
java.lang.NullPointerException
	at java.io.Reader.<init>(Reader.java:78)
	at java.io.InputStreamReader.<init>(InputStreamReader.java:97)
	at org.jivesoftware.util.PropertiesImpl.load(PropertiesImpl.java:46)
	at org.jivesoftware.util.PropertyUtil.getProperty(PropertyUtil.java:33)
	at org.jivesoftware.openfire.plugin.sendmsg.SendMsgServlet.doGet(SendMsgServlet.java:69)
	at javax.servlet.http.HttpServlet.service(HttpServlet.java:687)
	at javax.servlet.http.HttpServlet.service(HttpServlet.java:790)
	at org.jivesoftware.openfire.container.PluginServlet.handleServlet(PluginServlet.java:410)
	at org.jivesoftware.openfire.container.PluginServlet.service(PluginServlet.java:107)
	at javax.servlet.http.HttpServlet.service(HttpServlet.java:790)
	at org.eclipse.jetty.servlet.ServletHolder.handle(ServletHolder.java:812)
	at org.eclipse.jetty.servlet.ServletHandler$CachedChain.doFilter(ServletHandler.java:1669)
	at org.jivesoftware.admin.PluginFilter.doFilter(PluginFilter.java:226)
	at org.eclipse.jetty.servlet.ServletHandler$CachedChain.doFilter(ServletHandler.java:1652)
	at org.jivesoftware.admin.AuthCheckFilter.doFilter(AuthCheckFilter.java:165)
	at org.eclipse.jetty.servlet.ServletHandler$CachedChain.doFilter(ServletHandler.java:1652)
	at com.opensymphony.module.sitemesh.filter.PageFilter.doFilter(PageFilter.java:39)
	at org.eclipse.jetty.servlet.ServletHandler$CachedChain.doFilter(ServletHandler.java:1652)
	at org.eclipse.jetty.servlet.ServletHandler.doHandle(ServletHandler.java:585)
	at org.eclipse.jetty.server.handler.ScopedHandler.handle(ScopedHandler.java:143)
	at org.eclipse.jetty.security.SecurityHandler.handle(SecurityHandler.java:577)
	at org.eclipse.jetty.server.session.SessionHandler.doHandle(SessionHandler.java:223)
	at org.eclipse.jetty.server.handler.ContextHandler.doHandle(ContextHandler.java:1127)
	at org.eclipse.jetty.servlet.ServletHandler.doScope(ServletHandler.java:515)
	at org.eclipse.jetty.server.session.SessionHandler.doScope(SessionHandler.java:185)
	at org.eclipse.jetty.server.handler.ContextHandler.doScope(ContextHandler.java:1061)
	at org.eclipse.jetty.server.handler.ScopedHandler.handle(ScopedHandler.java:141)
	at org.eclipse.jetty.server.handler.ContextHandlerCollection.handle(ContextHandlerCollection.java:215)
	at org.eclipse.jetty.server.handler.HandlerCollection.handle(HandlerCollection.java:110)
	at org.eclipse.jetty.server.handler.HandlerWrapper.handle(HandlerWrapper.java:97)
	at org.eclipse.jetty.server.Server.handle(Server.java:499)
	at org.eclipse.jetty.server.HttpChannel.handle(HttpChannel.java:311)
	at org.eclipse.jetty.server.HttpConnection.onFillable(HttpConnection.java:257)
	at org.eclipse.jetty.io.AbstractConnection$2.run(AbstractConnection.java:544)
	at org.eclipse.jetty.util.thread.QueuedThreadPool.runJob(QueuedThreadPool.java:635)
	at org.eclipse.jetty.util.thread.QueuedThreadPool$3.run(QueuedThreadPool.java:555)
	at java.lang.Thread.run(Thread.java:745)
2017.11.18 15:41:45 org.jivesoftware.openfire.OfflineMessageStore - 内部服务器错误
java.lang.NullPointerException
	at java.io.Reader.<init>(Reader.java:78)
	at java.io.InputStreamReader.<init>(InputStreamReader.java:97)
	at org.jivesoftware.util.PropertiesImpl.load(PropertiesImpl.java:46)
	at org.jivesoftware.util.PropertyUtil.getProperty(PropertyUtil.java:33)
	at org.jivesoftware.openfire.OfflineMessageStore.addMessage(OfflineMessageStore.java:191)
	at org.jivesoftware.openfire.OfflineMessageStrategy.store(OfflineMessageStrategy.java:196)
	at org.jivesoftware.openfire.OfflineMessageStrategy.storeOffline(OfflineMessageStrategy.java:149)
	at org.jivesoftware.openfire.MessageRouter.routingFailed(MessageRouter.java:277)
	at org.jivesoftware.openfire.spi.RoutingTableImpl.routePacket(RoutingTableImpl.java:273)
	at org.jivesoftware.openfire.MessageRouter.route(MessageRouter.java:139)
	at org.jivesoftware.openfire.spi.PacketRouterImpl.route(PacketRouterImpl.java:83)
	at org.jivesoftware.openfire.spi.PacketRouterImpl.route(PacketRouterImpl.java:63)
	at org.jivesoftware.openfire.component.InternalComponentManager.sendPacket(InternalComponentManager.java:288)
	at org.jivesoftware.openfire.plugin.sendmsg.SendMsgServlet.doGet(SendMsgServlet.java:63)
	at javax.servlet.http.HttpServlet.service(HttpServlet.java:687)
	at javax.servlet.http.HttpServlet.service(HttpServlet.java:790)
	at org.jivesoftware.openfire.container.PluginServlet.handleServlet(PluginServlet.java:410)
	at org.jivesoftware.openfire.container.PluginServlet.service(PluginServlet.java:107)
	at javax.servlet.http.HttpServlet.service(HttpServlet.java:790)
	at org.eclipse.jetty.servlet.ServletHolder.handle(ServletHolder.java:812)
	at org.eclipse.jetty.servlet.ServletHandler$CachedChain.doFilter(ServletHandler.java:1669)
	at org.jivesoftware.admin.PluginFilter.doFilter(PluginFilter.java:226)
	at org.eclipse.jetty.servlet.ServletHandler$CachedChain.doFilter(ServletHandler.java:1652)
	at org.jivesoftware.admin.AuthCheckFilter.doFilter(AuthCheckFilter.java:165)
	at org.eclipse.jetty.servlet.ServletHandler$CachedChain.doFilter(ServletHandler.java:1652)
	at com.opensymphony.module.sitemesh.filter.PageFilter.doFilter(PageFilter.java:39)
	at org.eclipse.jetty.servlet.ServletHandler$CachedChain.doFilter(ServletHandler.java:1652)
	at org.eclipse.jetty.servlet.ServletHandler.doHandle(ServletHandler.java:585)
	at org.eclipse.jetty.server.handler.ScopedHandler.handle(ScopedHandler.java:143)
	at org.eclipse.jetty.security.SecurityHandler.handle(SecurityHandler.java:577)
	at org.eclipse.jetty.server.session.SessionHandler.doHandle(SessionHandler.java:223)
	at org.eclipse.jetty.server.handler.ContextHandler.doHandle(ContextHandler.java:1127)
	at org.eclipse.jetty.servlet.ServletHandler.doScope(ServletHandler.java:515)
	at org.eclipse.jetty.server.session.SessionHandler.doScope(SessionHandler.java:185)
	at org.eclipse.jetty.server.handler.ContextHandler.doScope(ContextHandler.java:1061)
	at org.eclipse.jetty.server.handler.ScopedHandler.handle(ScopedHandler.java:141)
	at org.eclipse.jetty.server.handler.ContextHandlerCollection.handle(ContextHandlerCollection.java:215)
	at org.eclipse.jetty.server.handler.HandlerCollection.handle(HandlerCollection.java:110)
	at org.eclipse.jetty.server.handler.HandlerWrapper.handle(HandlerWrapper.java:97)
	at org.eclipse.jetty.server.Server.handle(Server.java:499)
	at org.eclipse.jetty.server.HttpChannel.handle(HttpChannel.java:311)
	at org.eclipse.jetty.server.HttpConnection.onFillable(HttpConnection.java:257)
	at org.eclipse.jetty.io.AbstractConnection$2.run(AbstractConnection.java:544)
	at org.eclipse.jetty.util.thread.QueuedThreadPool.runJob(QueuedThreadPool.java:635)
	at org.eclipse.jetty.util.thread.QueuedThreadPool$3.run(QueuedThreadPool.java:555)
	at java.lang.Thread.run(Thread.java:745)
2017.11.18 15:41:45 org.jivesoftware.openfire.container.PluginServlet - 
java.lang.NullPointerException
	at java.io.Reader.<init>(Reader.java:78)
	at java.io.InputStreamReader.<init>(InputStreamReader.java:97)
	at org.jivesoftware.util.PropertiesImpl.load(PropertiesImpl.java:46)
	at org.jivesoftware.util.PropertyUtil.getProperty(PropertyUtil.java:33)
	at org.jivesoftware.openfire.plugin.sendmsg.SendMsgServlet.doGet(SendMsgServlet.java:69)
	at javax.servlet.http.HttpServlet.service(HttpServlet.java:687)
	at javax.servlet.http.HttpServlet.service(HttpServlet.java:790)
	at org.jivesoftware.openfire.container.PluginServlet.handleServlet(PluginServlet.java:410)
	at org.jivesoftware.openfire.container.PluginServlet.service(PluginServlet.java:107)
	at javax.servlet.http.HttpServlet.service(HttpServlet.java:790)
	at org.eclipse.jetty.servlet.ServletHolder.handle(ServletHolder.java:812)
	at org.eclipse.jetty.servlet.ServletHandler$CachedChain.doFilter(ServletHandler.java:1669)
	at org.jivesoftware.admin.PluginFilter.doFilter(PluginFilter.java:226)
	at org.eclipse.jetty.servlet.ServletHandler$CachedChain.doFilter(ServletHandler.java:1652)
	at org.jivesoftware.admin.AuthCheckFilter.doFilter(AuthCheckFilter.java:165)
	at org.eclipse.jetty.servlet.ServletHandler$CachedChain.doFilter(ServletHandler.java:1652)
	at com.opensymphony.module.sitemesh.filter.PageFilter.doFilter(PageFilter.java:39)
	at org.eclipse.jetty.servlet.ServletHandler$CachedChain.doFilter(ServletHandler.java:1652)
	at org.eclipse.jetty.servlet.ServletHandler.doHandle(ServletHandler.java:585)
	at org.eclipse.jetty.server.handler.ScopedHandler.handle(ScopedHandler.java:143)
	at org.eclipse.jetty.security.SecurityHandler.handle(SecurityHandler.java:577)
	at org.eclipse.jetty.server.session.SessionHandler.doHandle(SessionHandler.java:223)
	at org.eclipse.jetty.server.handler.ContextHandler.doHandle(ContextHandler.java:1127)
	at org.eclipse.jetty.servlet.ServletHandler.doScope(ServletHandler.java:515)
	at org.eclipse.jetty.server.session.SessionHandler.doScope(SessionHandler.java:185)
	at org.eclipse.jetty.server.handler.ContextHandler.doScope(ContextHandler.java:1061)
	at org.eclipse.jetty.server.handler.ScopedHandler.handle(ScopedHandler.java:141)
	at org.eclipse.jetty.server.handler.ContextHandlerCollection.handle(ContextHandlerCollection.java:215)
	at org.eclipse.jetty.server.handler.HandlerCollection.handle(HandlerCollection.java:110)
	at org.eclipse.jetty.server.handler.HandlerWrapper.handle(HandlerWrapper.java:97)
	at org.eclipse.jetty.server.Server.handle(Server.java:499)
	at org.eclipse.jetty.server.HttpChannel.handle(HttpChannel.java:311)
	at org.eclipse.jetty.server.HttpConnection.onFillable(HttpConnection.java:257)
	at org.eclipse.jetty.io.AbstractConnection$2.run(AbstractConnection.java:544)
	at org.eclipse.jetty.util.thread.QueuedThreadPool.runJob(QueuedThreadPool.java:635)
	at org.eclipse.jetty.util.thread.QueuedThreadPool$3.run(QueuedThreadPool.java:555)
	at java.lang.Thread.run(Thread.java:745)
2017.11.18 16:41:28 org.jivesoftware.openfire.OfflineMessageStore - 内部服务器错误
java.lang.NullPointerException
	at java.io.Reader.<init>(Reader.java:78)
	at java.io.InputStreamReader.<init>(InputStreamReader.java:97)
	at org.jivesoftware.util.PropertiesImpl.load(PropertiesImpl.java:46)
	at org.jivesoftware.util.PropertyUtil.getProperty(PropertyUtil.java:33)
	at org.jivesoftware.openfire.OfflineMessageStore.addMessage(OfflineMessageStore.java:191)
	at org.jivesoftware.openfire.OfflineMessageStrategy.store(OfflineMessageStrategy.java:196)
	at org.jivesoftware.openfire.OfflineMessageStrategy.storeOffline(OfflineMessageStrategy.java:149)
	at org.jivesoftware.openfire.MessageRouter.routingFailed(MessageRouter.java:277)
	at org.jivesoftware.openfire.spi.RoutingTableImpl.routePacket(RoutingTableImpl.java:273)
	at org.jivesoftware.openfire.MessageRouter.route(MessageRouter.java:139)
	at org.jivesoftware.openfire.spi.PacketRouterImpl.route(PacketRouterImpl.java:83)
	at org.jivesoftware.openfire.spi.PacketRouterImpl.route(PacketRouterImpl.java:63)
	at org.jivesoftware.openfire.component.InternalComponentManager.sendPacket(InternalComponentManager.java:288)
	at org.jivesoftware.openfire.plugin.sendmsg.SendMsgServlet.doGet(SendMsgServlet.java:63)
	at javax.servlet.http.HttpServlet.service(HttpServlet.java:687)
	at javax.servlet.http.HttpServlet.service(HttpServlet.java:790)
	at org.jivesoftware.openfire.container.PluginServlet.handleServlet(PluginServlet.java:410)
	at org.jivesoftware.openfire.container.PluginServlet.service(PluginServlet.java:107)
	at javax.servlet.http.HttpServlet.service(HttpServlet.java:790)
	at org.eclipse.jetty.servlet.ServletHolder.handle(ServletHolder.java:812)
	at org.eclipse.jetty.servlet.ServletHandler$CachedChain.doFilter(ServletHandler.java:1669)
	at org.jivesoftware.admin.PluginFilter.doFilter(PluginFilter.java:226)
	at org.eclipse.jetty.servlet.ServletHandler$CachedChain.doFilter(ServletHandler.java:1652)
	at org.jivesoftware.admin.AuthCheckFilter.doFilter(AuthCheckFilter.java:165)
	at org.eclipse.jetty.servlet.ServletHandler$CachedChain.doFilter(ServletHandler.java:1652)
	at com.opensymphony.module.sitemesh.filter.PageFilter.doFilter(PageFilter.java:39)
	at org.eclipse.jetty.servlet.ServletHandler$CachedChain.doFilter(ServletHandler.java:1652)
	at org.eclipse.jetty.servlet.ServletHandler.doHandle(ServletHandler.java:585)
	at org.eclipse.jetty.server.handler.ScopedHandler.handle(ScopedHandler.java:143)
	at org.eclipse.jetty.security.SecurityHandler.handle(SecurityHandler.java:577)
	at org.eclipse.jetty.server.session.SessionHandler.doHandle(SessionHandler.java:223)
	at org.eclipse.jetty.server.handler.ContextHandler.doHandle(ContextHandler.java:1127)
	at org.eclipse.jetty.servlet.ServletHandler.doScope(ServletHandler.java:515)
	at org.eclipse.jetty.server.session.SessionHandler.doScope(SessionHandler.java:185)
	at org.eclipse.jetty.server.handler.ContextHandler.doScope(ContextHandler.java:1061)
	at org.eclipse.jetty.server.handler.ScopedHandler.handle(ScopedHandler.java:141)
	at org.eclipse.jetty.server.handler.ContextHandlerCollection.handle(ContextHandlerCollection.java:215)
	at org.eclipse.jetty.server.handler.HandlerCollection.handle(HandlerCollection.java:110)
	at org.eclipse.jetty.server.handler.HandlerWrapper.handle(HandlerWrapper.java:97)
	at org.eclipse.jetty.server.Server.handle(Server.java:499)
	at org.eclipse.jetty.server.HttpChannel.handle(HttpChannel.java:311)
	at org.eclipse.jetty.server.HttpConnection.onFillable(HttpConnection.java:257)
	at org.eclipse.jetty.io.AbstractConnection$2.run(AbstractConnection.java:544)
	at org.eclipse.jetty.util.thread.QueuedThreadPool.runJob(QueuedThreadPool.java:635)
	at org.eclipse.jetty.util.thread.QueuedThreadPool$3.run(QueuedThreadPool.java:555)
	at java.lang.Thread.run(Thread.java:745)
2017.11.18 16:41:28 org.jivesoftware.openfire.container.PluginServlet - 
java.lang.NullPointerException
	at java.io.Reader.<init>(Reader.java:78)
	at java.io.InputStreamReader.<init>(InputStreamReader.java:97)
	at org.jivesoftware.util.PropertiesImpl.load(PropertiesImpl.java:46)
	at org.jivesoftware.util.PropertyUtil.getProperty(PropertyUtil.java:33)
	at org.jivesoftware.openfire.plugin.sendmsg.SendMsgServlet.doGet(SendMsgServlet.java:69)
	at javax.servlet.http.HttpServlet.service(HttpServlet.java:687)
	at javax.servlet.http.HttpServlet.service(HttpServlet.java:790)
	at org.jivesoftware.openfire.container.PluginServlet.handleServlet(PluginServlet.java:410)
	at org.jivesoftware.openfire.container.PluginServlet.service(PluginServlet.java:107)
	at javax.servlet.http.HttpServlet.service(HttpServlet.java:790)
	at org.eclipse.jetty.servlet.ServletHolder.handle(ServletHolder.java:812)
	at org.eclipse.jetty.servlet.ServletHandler$CachedChain.doFilter(ServletHandler.java:1669)
	at org.jivesoftware.admin.PluginFilter.doFilter(PluginFilter.java:226)
	at org.eclipse.jetty.servlet.ServletHandler$CachedChain.doFilter(ServletHandler.java:1652)
	at org.jivesoftware.admin.AuthCheckFilter.doFilter(AuthCheckFilter.java:165)
	at org.eclipse.jetty.servlet.ServletHandler$CachedChain.doFilter(ServletHandler.java:1652)
	at com.opensymphony.module.sitemesh.filter.PageFilter.doFilter(PageFilter.java:39)
	at org.eclipse.jetty.servlet.ServletHandler$CachedChain.doFilter(ServletHandler.java:1652)
	at org.eclipse.jetty.servlet.ServletHandler.doHandle(ServletHandler.java:585)
	at org.eclipse.jetty.server.handler.ScopedHandler.handle(ScopedHandler.java:143)
	at org.eclipse.jetty.security.SecurityHandler.handle(SecurityHandler.java:577)
	at org.eclipse.jetty.server.session.SessionHandler.doHandle(SessionHandler.java:223)
	at org.eclipse.jetty.server.handler.ContextHandler.doHandle(ContextHandler.java:1127)
	at org.eclipse.jetty.servlet.ServletHandler.doScope(ServletHandler.java:515)
	at org.eclipse.jetty.server.session.SessionHandler.doScope(SessionHandler.java:185)
	at org.eclipse.jetty.server.handler.ContextHandler.doScope(ContextHandler.java:1061)
	at org.eclipse.jetty.server.handler.ScopedHandler.handle(ScopedHandler.java:141)
	at org.eclipse.jetty.server.handler.ContextHandlerCollection.handle(ContextHandlerCollection.java:215)
	at org.eclipse.jetty.server.handler.HandlerCollection.handle(HandlerCollection.java:110)
	at org.eclipse.jetty.server.handler.HandlerWrapper.handle(HandlerWrapper.java:97)
	at org.eclipse.jetty.server.Server.handle(Server.java:499)
	at org.eclipse.jetty.server.HttpChannel.handle(HttpChannel.java:311)
	at org.eclipse.jetty.server.HttpConnection.onFillable(HttpConnection.java:257)
	at org.eclipse.jetty.io.AbstractConnection$2.run(AbstractConnection.java:544)
	at org.eclipse.jetty.util.thread.QueuedThreadPool.runJob(QueuedThreadPool.java:635)
	at org.eclipse.jetty.util.thread.QueuedThreadPool$3.run(QueuedThreadPool.java:555)
	at java.lang.Thread.run(Thread.java:745)
2017.11.18 16:42:06 org.jivesoftware.openfire.OfflineMessageStore - 内部服务器错误
java.lang.NullPointerException
	at java.io.Reader.<init>(Reader.java:78)
	at java.io.InputStreamReader.<init>(InputStreamReader.java:97)
	at org.jivesoftware.util.PropertiesImpl.load(PropertiesImpl.java:46)
	at org.jivesoftware.util.PropertyUtil.getProperty(PropertyUtil.java:33)
	at org.jivesoftware.openfire.OfflineMessageStore.addMessage(OfflineMessageStore.java:191)
	at org.jivesoftware.openfire.OfflineMessageStrategy.store(OfflineMessageStrategy.java:196)
	at org.jivesoftware.openfire.OfflineMessageStrategy.storeOffline(OfflineMessageStrategy.java:149)
	at org.jivesoftware.openfire.MessageRouter.routingFailed(MessageRouter.java:277)
	at org.jivesoftware.openfire.spi.RoutingTableImpl.routePacket(RoutingTableImpl.java:273)
	at org.jivesoftware.openfire.MessageRouter.route(MessageRouter.java:139)
	at org.jivesoftware.openfire.spi.PacketRouterImpl.route(PacketRouterImpl.java:83)
	at org.jivesoftware.openfire.spi.PacketRouterImpl.route(PacketRouterImpl.java:63)
	at org.jivesoftware.openfire.component.InternalComponentManager.sendPacket(InternalComponentManager.java:288)
	at org.jivesoftware.openfire.plugin.sendmsg.SendMsgServlet.doGet(SendMsgServlet.java:63)
	at javax.servlet.http.HttpServlet.service(HttpServlet.java:687)
	at javax.servlet.http.HttpServlet.service(HttpServlet.java:790)
	at org.jivesoftware.openfire.container.PluginServlet.handleServlet(PluginServlet.java:410)
	at org.jivesoftware.openfire.container.PluginServlet.service(PluginServlet.java:107)
	at javax.servlet.http.HttpServlet.service(HttpServlet.java:790)
	at org.eclipse.jetty.servlet.ServletHolder.handle(ServletHolder.java:812)
	at org.eclipse.jetty.servlet.ServletHandler$CachedChain.doFilter(ServletHandler.java:1669)
	at org.jivesoftware.admin.PluginFilter.doFilter(PluginFilter.java:226)
	at org.eclipse.jetty.servlet.ServletHandler$CachedChain.doFilter(ServletHandler.java:1652)
	at org.jivesoftware.admin.AuthCheckFilter.doFilter(AuthCheckFilter.java:165)
	at org.eclipse.jetty.servlet.ServletHandler$CachedChain.doFilter(ServletHandler.java:1652)
	at com.opensymphony.module.sitemesh.filter.PageFilter.doFilter(PageFilter.java:39)
	at org.eclipse.jetty.servlet.ServletHandler$CachedChain.doFilter(ServletHandler.java:1652)
	at org.eclipse.jetty.servlet.ServletHandler.doHandle(ServletHandler.java:585)
	at org.eclipse.jetty.server.handler.ScopedHandler.handle(ScopedHandler.java:143)
	at org.eclipse.jetty.security.SecurityHandler.handle(SecurityHandler.java:577)
	at org.eclipse.jetty.server.session.SessionHandler.doHandle(SessionHandler.java:223)
	at org.eclipse.jetty.server.handler.ContextHandler.doHandle(ContextHandler.java:1127)
	at org.eclipse.jetty.servlet.ServletHandler.doScope(ServletHandler.java:515)
	at org.eclipse.jetty.server.session.SessionHandler.doScope(SessionHandler.java:185)
	at org.eclipse.jetty.server.handler.ContextHandler.doScope(ContextHandler.java:1061)
	at org.eclipse.jetty.server.handler.ScopedHandler.handle(ScopedHandler.java:141)
	at org.eclipse.jetty.server.handler.ContextHandlerCollection.handle(ContextHandlerCollection.java:215)
	at org.eclipse.jetty.server.handler.HandlerCollection.handle(HandlerCollection.java:110)
	at org.eclipse.jetty.server.handler.HandlerWrapper.handle(HandlerWrapper.java:97)
	at org.eclipse.jetty.server.Server.handle(Server.java:499)
	at org.eclipse.jetty.server.HttpChannel.handle(HttpChannel.java:311)
	at org.eclipse.jetty.server.HttpConnection.onFillable(HttpConnection.java:257)
	at org.eclipse.jetty.io.AbstractConnection$2.run(AbstractConnection.java:544)
	at org.eclipse.jetty.util.thread.QueuedThreadPool.runJob(QueuedThreadPool.java:635)
	at org.eclipse.jetty.util.thread.QueuedThreadPool$3.run(QueuedThreadPool.java:555)
	at java.lang.Thread.run(Thread.java:745)
2017.11.18 16:42:06 org.jivesoftware.openfire.container.PluginServlet - 
java.lang.NullPointerException
	at java.io.Reader.<init>(Reader.java:78)
	at java.io.InputStreamReader.<init>(InputStreamReader.java:97)
	at org.jivesoftware.util.PropertiesImpl.load(PropertiesImpl.java:46)
	at org.jivesoftware.util.PropertyUtil.getProperty(PropertyUtil.java:33)
	at org.jivesoftware.openfire.plugin.sendmsg.SendMsgServlet.doGet(SendMsgServlet.java:69)
	at javax.servlet.http.HttpServlet.service(HttpServlet.java:687)
	at javax.servlet.http.HttpServlet.service(HttpServlet.java:790)
	at org.jivesoftware.openfire.container.PluginServlet.handleServlet(PluginServlet.java:410)
	at org.jivesoftware.openfire.container.PluginServlet.service(PluginServlet.java:107)
	at javax.servlet.http.HttpServlet.service(HttpServlet.java:790)
	at org.eclipse.jetty.servlet.ServletHolder.handle(ServletHolder.java:812)
	at org.eclipse.jetty.servlet.ServletHandler$CachedChain.doFilter(ServletHandler.java:1669)
	at org.jivesoftware.admin.PluginFilter.doFilter(PluginFilter.java:226)
	at org.eclipse.jetty.servlet.ServletHandler$CachedChain.doFilter(ServletHandler.java:1652)
	at org.jivesoftware.admin.AuthCheckFilter.doFilter(AuthCheckFilter.java:165)
	at org.eclipse.jetty.servlet.ServletHandler$CachedChain.doFilter(ServletHandler.java:1652)
	at com.opensymphony.module.sitemesh.filter.PageFilter.doFilter(PageFilter.java:39)
	at org.eclipse.jetty.servlet.ServletHandler$CachedChain.doFilter(ServletHandler.java:1652)
	at org.eclipse.jetty.servlet.ServletHandler.doHandle(ServletHandler.java:585)
	at org.eclipse.jetty.server.handler.ScopedHandler.handle(ScopedHandler.java:143)
	at org.eclipse.jetty.security.SecurityHandler.handle(SecurityHandler.java:577)
	at org.eclipse.jetty.server.session.SessionHandler.doHandle(SessionHandler.java:223)
	at org.eclipse.jetty.server.handler.ContextHandler.doHandle(ContextHandler.java:1127)
	at org.eclipse.jetty.servlet.ServletHandler.doScope(ServletHandler.java:515)
	at org.eclipse.jetty.server.session.SessionHandler.doScope(SessionHandler.java:185)
	at org.eclipse.jetty.server.handler.ContextHandler.doScope(ContextHandler.java:1061)
	at org.eclipse.jetty.server.handler.ScopedHandler.handle(ScopedHandler.java:141)
	at org.eclipse.jetty.server.handler.ContextHandlerCollection.handle(ContextHandlerCollection.java:215)
	at org.eclipse.jetty.server.handler.HandlerCollection.handle(HandlerCollection.java:110)
	at org.eclipse.jetty.server.handler.HandlerWrapper.handle(HandlerWrapper.java:97)
	at org.eclipse.jetty.server.Server.handle(Server.java:499)
	at org.eclipse.jetty.server.HttpChannel.handle(HttpChannel.java:311)
	at org.eclipse.jetty.server.HttpConnection.onFillable(HttpConnection.java:257)
	at org.eclipse.jetty.io.AbstractConnection$2.run(AbstractConnection.java:544)
	at org.eclipse.jetty.util.thread.QueuedThreadPool.runJob(QueuedThreadPool.java:635)
	at org.eclipse.jetty.util.thread.QueuedThreadPool$3.run(QueuedThreadPool.java:555)
	at java.lang.Thread.run(Thread.java:745)
2017.11.18 16:42:36 org.jivesoftware.openfire.OfflineMessageStore - 内部服务器错误
java.lang.NullPointerException
	at java.io.Reader.<init>(Reader.java:78)
	at java.io.InputStreamReader.<init>(InputStreamReader.java:97)
	at org.jivesoftware.util.PropertiesImpl.load(PropertiesImpl.java:46)
	at org.jivesoftware.util.PropertyUtil.getProperty(PropertyUtil.java:33)
	at org.jivesoftware.openfire.OfflineMessageStore.addMessage(OfflineMessageStore.java:191)
	at org.jivesoftware.openfire.OfflineMessageStrategy.store(OfflineMessageStrategy.java:196)
	at org.jivesoftware.openfire.OfflineMessageStrategy.storeOffline(OfflineMessageStrategy.java:149)
	at org.jivesoftware.openfire.MessageRouter.routingFailed(MessageRouter.java:277)
	at org.jivesoftware.openfire.spi.RoutingTableImpl.routePacket(RoutingTableImpl.java:273)
	at org.jivesoftware.openfire.MessageRouter.route(MessageRouter.java:139)
	at org.jivesoftware.openfire.spi.PacketRouterImpl.route(PacketRouterImpl.java:83)
	at org.jivesoftware.openfire.spi.PacketRouterImpl.route(PacketRouterImpl.java:63)
	at org.jivesoftware.openfire.component.InternalComponentManager.sendPacket(InternalComponentManager.java:288)
	at org.jivesoftware.openfire.plugin.sendmsg.SendMsgServlet.doGet(SendMsgServlet.java:63)
	at javax.servlet.http.HttpServlet.service(HttpServlet.java:687)
	at javax.servlet.http.HttpServlet.service(HttpServlet.java:790)
	at org.jivesoftware.openfire.container.PluginServlet.handleServlet(PluginServlet.java:410)
	at org.jivesoftware.openfire.container.PluginServlet.service(PluginServlet.java:107)
	at javax.servlet.http.HttpServlet.service(HttpServlet.java:790)
	at org.eclipse.jetty.servlet.ServletHolder.handle(ServletHolder.java:812)
	at org.eclipse.jetty.servlet.ServletHandler$CachedChain.doFilter(ServletHandler.java:1669)
	at org.jivesoftware.admin.PluginFilter.doFilter(PluginFilter.java:226)
	at org.eclipse.jetty.servlet.ServletHandler$CachedChain.doFilter(ServletHandler.java:1652)
	at org.jivesoftware.admin.AuthCheckFilter.doFilter(AuthCheckFilter.java:165)
	at org.eclipse.jetty.servlet.ServletHandler$CachedChain.doFilter(ServletHandler.java:1652)
	at com.opensymphony.module.sitemesh.filter.PageFilter.doFilter(PageFilter.java:39)
	at org.eclipse.jetty.servlet.ServletHandler$CachedChain.doFilter(ServletHandler.java:1652)
	at org.eclipse.jetty.servlet.ServletHandler.doHandle(ServletHandler.java:585)
	at org.eclipse.jetty.server.handler.ScopedHandler.handle(ScopedHandler.java:143)
	at org.eclipse.jetty.security.SecurityHandler.handle(SecurityHandler.java:577)
	at org.eclipse.jetty.server.session.SessionHandler.doHandle(SessionHandler.java:223)
	at org.eclipse.jetty.server.handler.ContextHandler.doHandle(ContextHandler.java:1127)
	at org.eclipse.jetty.servlet.ServletHandler.doScope(ServletHandler.java:515)
	at org.eclipse.jetty.server.session.SessionHandler.doScope(SessionHandler.java:185)
	at org.eclipse.jetty.server.handler.ContextHandler.doScope(ContextHandler.java:1061)
	at org.eclipse.jetty.server.handler.ScopedHandler.handle(ScopedHandler.java:141)
	at org.eclipse.jetty.server.handler.ContextHandlerCollection.handle(ContextHandlerCollection.java:215)
	at org.eclipse.jetty.server.handler.HandlerCollection.handle(HandlerCollection.java:110)
	at org.eclipse.jetty.server.handler.HandlerWrapper.handle(HandlerWrapper.java:97)
	at org.eclipse.jetty.server.Server.handle(Server.java:499)
	at org.eclipse.jetty.server.HttpChannel.handle(HttpChannel.java:311)
	at org.eclipse.jetty.server.HttpConnection.onFillable(HttpConnection.java:257)
	at org.eclipse.jetty.io.AbstractConnection$2.run(AbstractConnection.java:544)
	at org.eclipse.jetty.util.thread.QueuedThreadPool.runJob(QueuedThreadPool.java:635)
	at org.eclipse.jetty.util.thread.QueuedThreadPool$3.run(QueuedThreadPool.java:555)
	at java.lang.Thread.run(Thread.java:745)
2017.11.18 16:42:36 org.jivesoftware.openfire.container.PluginServlet - 
java.lang.NullPointerException
	at java.io.Reader.<init>(Reader.java:78)
	at java.io.InputStreamReader.<init>(InputStreamReader.java:97)
	at org.jivesoftware.util.PropertiesImpl.load(PropertiesImpl.java:46)
	at org.jivesoftware.util.PropertyUtil.getProperty(PropertyUtil.java:33)
	at org.jivesoftware.openfire.plugin.sendmsg.SendMsgServlet.doGet(SendMsgServlet.java:69)
	at javax.servlet.http.HttpServlet.service(HttpServlet.java:687)
	at javax.servlet.http.HttpServlet.service(HttpServlet.java:790)
	at org.jivesoftware.openfire.container.PluginServlet.handleServlet(PluginServlet.java:410)
	at org.jivesoftware.openfire.container.PluginServlet.service(PluginServlet.java:107)
	at javax.servlet.http.HttpServlet.service(HttpServlet.java:790)
	at org.eclipse.jetty.servlet.ServletHolder.handle(ServletHolder.java:812)
	at org.eclipse.jetty.servlet.ServletHandler$CachedChain.doFilter(ServletHandler.java:1669)
	at org.jivesoftware.admin.PluginFilter.doFilter(PluginFilter.java:226)
	at org.eclipse.jetty.servlet.ServletHandler$CachedChain.doFilter(ServletHandler.java:1652)
	at org.jivesoftware.admin.AuthCheckFilter.doFilter(AuthCheckFilter.java:165)
	at org.eclipse.jetty.servlet.ServletHandler$CachedChain.doFilter(ServletHandler.java:1652)
	at com.opensymphony.module.sitemesh.filter.PageFilter.doFilter(PageFilter.java:39)
	at org.eclipse.jetty.servlet.ServletHandler$CachedChain.doFilter(ServletHandler.java:1652)
	at org.eclipse.jetty.servlet.ServletHandler.doHandle(ServletHandler.java:585)
	at org.eclipse.jetty.server.handler.ScopedHandler.handle(ScopedHandler.java:143)
	at org.eclipse.jetty.security.SecurityHandler.handle(SecurityHandler.java:577)
	at org.eclipse.jetty.server.session.SessionHandler.doHandle(SessionHandler.java:223)
	at org.eclipse.jetty.server.handler.ContextHandler.doHandle(ContextHandler.java:1127)
	at org.eclipse.jetty.servlet.ServletHandler.doScope(ServletHandler.java:515)
	at org.eclipse.jetty.server.session.SessionHandler.doScope(SessionHandler.java:185)
	at org.eclipse.jetty.server.handler.ContextHandler.doScope(ContextHandler.java:1061)
	at org.eclipse.jetty.server.handler.ScopedHandler.handle(ScopedHandler.java:141)
	at org.eclipse.jetty.server.handler.ContextHandlerCollection.handle(ContextHandlerCollection.java:215)
	at org.eclipse.jetty.server.handler.HandlerCollection.handle(HandlerCollection.java:110)
	at org.eclipse.jetty.server.handler.HandlerWrapper.handle(HandlerWrapper.java:97)
	at org.eclipse.jetty.server.Server.handle(Server.java:499)
	at org.eclipse.jetty.server.HttpChannel.handle(HttpChannel.java:311)
	at org.eclipse.jetty.server.HttpConnection.onFillable(HttpConnection.java:257)
	at org.eclipse.jetty.io.AbstractConnection$2.run(AbstractConnection.java:544)
	at org.eclipse.jetty.util.thread.QueuedThreadPool.runJob(QueuedThreadPool.java:635)
	at org.eclipse.jetty.util.thread.QueuedThreadPool$3.run(QueuedThreadPool.java:555)
	at java.lang.Thread.run(Thread.java:745)
2017.11.18 16:47:11 org.jivesoftware.openfire.OfflineMessageStore - 内部服务器错误
java.lang.NullPointerException
	at java.io.Reader.<init>(Reader.java:78)
	at java.io.InputStreamReader.<init>(InputStreamReader.java:97)
	at org.jivesoftware.util.PropertiesImpl.load(PropertiesImpl.java:46)
	at org.jivesoftware.util.PropertyUtil.getProperty(PropertyUtil.java:33)
	at org.jivesoftware.openfire.OfflineMessageStore.addMessage(OfflineMessageStore.java:191)
	at org.jivesoftware.openfire.OfflineMessageStrategy.store(OfflineMessageStrategy.java:196)
	at org.jivesoftware.openfire.OfflineMessageStrategy.storeOffline(OfflineMessageStrategy.java:149)
	at org.jivesoftware.openfire.MessageRouter.routingFailed(MessageRouter.java:277)
	at org.jivesoftware.openfire.spi.RoutingTableImpl.routePacket(RoutingTableImpl.java:273)
	at org.jivesoftware.openfire.MessageRouter.route(MessageRouter.java:139)
	at org.jivesoftware.openfire.spi.PacketRouterImpl.route(PacketRouterImpl.java:83)
	at org.jivesoftware.openfire.spi.PacketRouterImpl.route(PacketRouterImpl.java:63)
	at org.jivesoftware.openfire.component.InternalComponentManager.sendPacket(InternalComponentManager.java:288)
	at org.jivesoftware.openfire.plugin.sendmsg.SendMsgServlet.doGet(SendMsgServlet.java:63)
	at javax.servlet.http.HttpServlet.service(HttpServlet.java:687)
	at javax.servlet.http.HttpServlet.service(HttpServlet.java:790)
	at org.jivesoftware.openfire.container.PluginServlet.handleServlet(PluginServlet.java:410)
	at org.jivesoftware.openfire.container.PluginServlet.service(PluginServlet.java:107)
	at javax.servlet.http.HttpServlet.service(HttpServlet.java:790)
	at org.eclipse.jetty.servlet.ServletHolder.handle(ServletHolder.java:812)
	at org.eclipse.jetty.servlet.ServletHandler$CachedChain.doFilter(ServletHandler.java:1669)
	at org.jivesoftware.admin.PluginFilter.doFilter(PluginFilter.java:226)
	at org.eclipse.jetty.servlet.ServletHandler$CachedChain.doFilter(ServletHandler.java:1652)
	at org.jivesoftware.admin.AuthCheckFilter.doFilter(AuthCheckFilter.java:165)
	at org.eclipse.jetty.servlet.ServletHandler$CachedChain.doFilter(ServletHandler.java:1652)
	at com.opensymphony.module.sitemesh.filter.PageFilter.doFilter(PageFilter.java:39)
	at org.eclipse.jetty.servlet.ServletHandler$CachedChain.doFilter(ServletHandler.java:1652)
	at org.eclipse.jetty.servlet.ServletHandler.doHandle(ServletHandler.java:585)
	at org.eclipse.jetty.server.handler.ScopedHandler.handle(ScopedHandler.java:143)
	at org.eclipse.jetty.security.SecurityHandler.handle(SecurityHandler.java:577)
	at org.eclipse.jetty.server.session.SessionHandler.doHandle(SessionHandler.java:223)
	at org.eclipse.jetty.server.handler.ContextHandler.doHandle(ContextHandler.java:1127)
	at org.eclipse.jetty.servlet.ServletHandler.doScope(ServletHandler.java:515)
	at org.eclipse.jetty.server.session.SessionHandler.doScope(SessionHandler.java:185)
	at org.eclipse.jetty.server.handler.ContextHandler.doScope(ContextHandler.java:1061)
	at org.eclipse.jetty.server.handler.ScopedHandler.handle(ScopedHandler.java:141)
	at org.eclipse.jetty.server.handler.ContextHandlerCollection.handle(ContextHandlerCollection.java:215)
	at org.eclipse.jetty.server.handler.HandlerCollection.handle(HandlerCollection.java:110)
	at org.eclipse.jetty.server.handler.HandlerWrapper.handle(HandlerWrapper.java:97)
	at org.eclipse.jetty.server.Server.handle(Server.java:499)
	at org.eclipse.jetty.server.HttpChannel.handle(HttpChannel.java:311)
	at org.eclipse.jetty.server.HttpConnection.onFillable(HttpConnection.java:257)
	at org.eclipse.jetty.io.AbstractConnection$2.run(AbstractConnection.java:544)
	at org.eclipse.jetty.util.thread.QueuedThreadPool.runJob(QueuedThreadPool.java:635)
	at org.eclipse.jetty.util.thread.QueuedThreadPool$3.run(QueuedThreadPool.java:555)
	at java.lang.Thread.run(Thread.java:745)
2017.11.18 16:47:11 org.jivesoftware.openfire.container.PluginServlet - 
java.lang.NullPointerException
	at java.io.Reader.<init>(Reader.java:78)
	at java.io.InputStreamReader.<init>(InputStreamReader.java:97)
	at org.jivesoftware.util.PropertiesImpl.load(PropertiesImpl.java:46)
	at org.jivesoftware.util.PropertyUtil.getProperty(PropertyUtil.java:33)
	at org.jivesoftware.openfire.plugin.sendmsg.SendMsgServlet.doGet(SendMsgServlet.java:69)
	at javax.servlet.http.HttpServlet.service(HttpServlet.java:687)
	at javax.servlet.http.HttpServlet.service(HttpServlet.java:790)
	at org.jivesoftware.openfire.container.PluginServlet.handleServlet(PluginServlet.java:410)
	at org.jivesoftware.openfire.container.PluginServlet.service(PluginServlet.java:107)
	at javax.servlet.http.HttpServlet.service(HttpServlet.java:790)
	at org.eclipse.jetty.servlet.ServletHolder.handle(ServletHolder.java:812)
	at org.eclipse.jetty.servlet.ServletHandler$CachedChain.doFilter(ServletHandler.java:1669)
	at org.jivesoftware.admin.PluginFilter.doFilter(PluginFilter.java:226)
	at org.eclipse.jetty.servlet.ServletHandler$CachedChain.doFilter(ServletHandler.java:1652)
	at org.jivesoftware.admin.AuthCheckFilter.doFilter(AuthCheckFilter.java:165)
	at org.eclipse.jetty.servlet.ServletHandler$CachedChain.doFilter(ServletHandler.java:1652)
	at com.opensymphony.module.sitemesh.filter.PageFilter.doFilter(PageFilter.java:39)
	at org.eclipse.jetty.servlet.ServletHandler$CachedChain.doFilter(ServletHandler.java:1652)
	at org.eclipse.jetty.servlet.ServletHandler.doHandle(ServletHandler.java:585)
	at org.eclipse.jetty.server.handler.ScopedHandler.handle(ScopedHandler.java:143)
	at org.eclipse.jetty.security.SecurityHandler.handle(SecurityHandler.java:577)
	at org.eclipse.jetty.server.session.SessionHandler.doHandle(SessionHandler.java:223)
	at org.eclipse.jetty.server.handler.ContextHandler.doHandle(ContextHandler.java:1127)
	at org.eclipse.jetty.servlet.ServletHandler.doScope(ServletHandler.java:515)
	at org.eclipse.jetty.server.session.SessionHandler.doScope(SessionHandler.java:185)
	at org.eclipse.jetty.server.handler.ContextHandler.doScope(ContextHandler.java:1061)
	at org.eclipse.jetty.server.handler.ScopedHandler.handle(ScopedHandler.java:141)
	at org.eclipse.jetty.server.handler.ContextHandlerCollection.handle(ContextHandlerCollection.java:215)
	at org.eclipse.jetty.server.handler.HandlerCollection.handle(HandlerCollection.java:110)
	at org.eclipse.jetty.server.handler.HandlerWrapper.handle(HandlerWrapper.java:97)
	at org.eclipse.jetty.server.Server.handle(Server.java:499)
	at org.eclipse.jetty.server.HttpChannel.handle(HttpChannel.java:311)
	at org.eclipse.jetty.server.HttpConnection.onFillable(HttpConnection.java:257)
	at org.eclipse.jetty.io.AbstractConnection$2.run(AbstractConnection.java:544)
	at org.eclipse.jetty.util.thread.QueuedThreadPool.runJob(QueuedThreadPool.java:635)
	at org.eclipse.jetty.util.thread.QueuedThreadPool$3.run(QueuedThreadPool.java:555)
	at java.lang.Thread.run(Thread.java:745)
2017.11.18 16:48:12 org.jivesoftware.openfire.OfflineMessageStore - 内部服务器错误
java.lang.NullPointerException
	at java.io.Reader.<init>(Reader.java:78)
	at java.io.InputStreamReader.<init>(InputStreamReader.java:97)
	at org.jivesoftware.util.PropertiesImpl.load(PropertiesImpl.java:46)
	at org.jivesoftware.util.PropertyUtil.getProperty(PropertyUtil.java:34)
	at org.jivesoftware.openfire.OfflineMessageStore.addMessage(OfflineMessageStore.java:191)
	at org.jivesoftware.openfire.OfflineMessageStrategy.store(OfflineMessageStrategy.java:196)
	at org.jivesoftware.openfire.OfflineMessageStrategy.storeOffline(OfflineMessageStrategy.java:149)
	at org.jivesoftware.openfire.MessageRouter.routingFailed(MessageRouter.java:277)
	at org.jivesoftware.openfire.spi.RoutingTableImpl.routePacket(RoutingTableImpl.java:273)
	at org.jivesoftware.openfire.MessageRouter.route(MessageRouter.java:139)
	at org.jivesoftware.openfire.spi.PacketRouterImpl.route(PacketRouterImpl.java:83)
	at org.jivesoftware.openfire.spi.PacketRouterImpl.route(PacketRouterImpl.java:63)
	at org.jivesoftware.openfire.component.InternalComponentManager.sendPacket(InternalComponentManager.java:288)
	at org.jivesoftware.openfire.plugin.sendmsg.SendMsgServlet.doGet(SendMsgServlet.java:63)
	at javax.servlet.http.HttpServlet.service(HttpServlet.java:687)
	at javax.servlet.http.HttpServlet.service(HttpServlet.java:790)
	at org.jivesoftware.openfire.container.PluginServlet.handleServlet(PluginServlet.java:410)
	at org.jivesoftware.openfire.container.PluginServlet.service(PluginServlet.java:107)
	at javax.servlet.http.HttpServlet.service(HttpServlet.java:790)
	at org.eclipse.jetty.servlet.ServletHolder.handle(ServletHolder.java:812)
	at org.eclipse.jetty.servlet.ServletHandler$CachedChain.doFilter(ServletHandler.java:1669)
	at org.jivesoftware.admin.PluginFilter.doFilter(PluginFilter.java:226)
	at org.eclipse.jetty.servlet.ServletHandler$CachedChain.doFilter(ServletHandler.java:1652)
	at org.jivesoftware.admin.AuthCheckFilter.doFilter(AuthCheckFilter.java:165)
	at org.eclipse.jetty.servlet.ServletHandler$CachedChain.doFilter(ServletHandler.java:1652)
	at com.opensymphony.module.sitemesh.filter.PageFilter.doFilter(PageFilter.java:39)
	at org.eclipse.jetty.servlet.ServletHandler$CachedChain.doFilter(ServletHandler.java:1652)
	at org.eclipse.jetty.servlet.ServletHandler.doHandle(ServletHandler.java:585)
	at org.eclipse.jetty.server.handler.ScopedHandler.handle(ScopedHandler.java:143)
	at org.eclipse.jetty.security.SecurityHandler.handle(SecurityHandler.java:577)
	at org.eclipse.jetty.server.session.SessionHandler.doHandle(SessionHandler.java:223)
	at org.eclipse.jetty.server.handler.ContextHandler.doHandle(ContextHandler.java:1127)
	at org.eclipse.jetty.servlet.ServletHandler.doScope(ServletHandler.java:515)
	at org.eclipse.jetty.server.session.SessionHandler.doScope(SessionHandler.java:185)
	at org.eclipse.jetty.server.handler.ContextHandler.doScope(ContextHandler.java:1061)
	at org.eclipse.jetty.server.handler.ScopedHandler.handle(ScopedHandler.java:141)
	at org.eclipse.jetty.server.handler.ContextHandlerCollection.handle(ContextHandlerCollection.java:215)
	at org.eclipse.jetty.server.handler.HandlerCollection.handle(HandlerCollection.java:110)
	at org.eclipse.jetty.server.handler.HandlerWrapper.handle(HandlerWrapper.java:97)
	at org.eclipse.jetty.server.Server.handle(Server.java:499)
	at org.eclipse.jetty.server.HttpChannel.handle(HttpChannel.java:311)
	at org.eclipse.jetty.server.HttpConnection.onFillable(HttpConnection.java:257)
	at org.eclipse.jetty.io.AbstractConnection$2.run(AbstractConnection.java:544)
	at org.eclipse.jetty.util.thread.QueuedThreadPool.runJob(QueuedThreadPool.java:635)
	at org.eclipse.jetty.util.thread.QueuedThreadPool$3.run(QueuedThreadPool.java:555)
	at java.lang.Thread.run(Thread.java:745)
2017.11.18 16:48:12 org.jivesoftware.openfire.container.PluginServlet - 
java.lang.NullPointerException
	at java.io.Reader.<init>(Reader.java:78)
	at java.io.InputStreamReader.<init>(InputStreamReader.java:97)
	at org.jivesoftware.util.PropertiesImpl.load(PropertiesImpl.java:46)
	at org.jivesoftware.util.PropertyUtil.getProperty(PropertyUtil.java:34)
	at org.jivesoftware.openfire.plugin.sendmsg.SendMsgServlet.doGet(SendMsgServlet.java:69)
	at javax.servlet.http.HttpServlet.service(HttpServlet.java:687)
	at javax.servlet.http.HttpServlet.service(HttpServlet.java:790)
	at org.jivesoftware.openfire.container.PluginServlet.handleServlet(PluginServlet.java:410)
	at org.jivesoftware.openfire.container.PluginServlet.service(PluginServlet.java:107)
	at javax.servlet.http.HttpServlet.service(HttpServlet.java:790)
	at org.eclipse.jetty.servlet.ServletHolder.handle(ServletHolder.java:812)
	at org.eclipse.jetty.servlet.ServletHandler$CachedChain.doFilter(ServletHandler.java:1669)
	at org.jivesoftware.admin.PluginFilter.doFilter(PluginFilter.java:226)
	at org.eclipse.jetty.servlet.ServletHandler$CachedChain.doFilter(ServletHandler.java:1652)
	at org.jivesoftware.admin.AuthCheckFilter.doFilter(AuthCheckFilter.java:165)
	at org.eclipse.jetty.servlet.ServletHandler$CachedChain.doFilter(ServletHandler.java:1652)
	at com.opensymphony.module.sitemesh.filter.PageFilter.doFilter(PageFilter.java:39)
	at org.eclipse.jetty.servlet.ServletHandler$CachedChain.doFilter(ServletHandler.java:1652)
	at org.eclipse.jetty.servlet.ServletHandler.doHandle(ServletHandler.java:585)
	at org.eclipse.jetty.server.handler.ScopedHandler.handle(ScopedHandler.java:143)
	at org.eclipse.jetty.security.SecurityHandler.handle(SecurityHandler.java:577)
	at org.eclipse.jetty.server.session.SessionHandler.doHandle(SessionHandler.java:223)
	at org.eclipse.jetty.server.handler.ContextHandler.doHandle(ContextHandler.java:1127)
	at org.eclipse.jetty.servlet.ServletHandler.doScope(ServletHandler.java:515)
	at org.eclipse.jetty.server.session.SessionHandler.doScope(SessionHandler.java:185)
	at org.eclipse.jetty.server.handler.ContextHandler.doScope(ContextHandler.java:1061)
	at org.eclipse.jetty.server.handler.ScopedHandler.handle(ScopedHandler.java:141)
	at org.eclipse.jetty.server.handler.ContextHandlerCollection.handle(ContextHandlerCollection.java:215)
	at org.eclipse.jetty.server.handler.HandlerCollection.handle(HandlerCollection.java:110)
	at org.eclipse.jetty.server.handler.HandlerWrapper.handle(HandlerWrapper.java:97)
	at org.eclipse.jetty.server.Server.handle(Server.java:499)
	at org.eclipse.jetty.server.HttpChannel.handle(HttpChannel.java:311)
	at org.eclipse.jetty.server.HttpConnection.onFillable(HttpConnection.java:257)
	at org.eclipse.jetty.io.AbstractConnection$2.run(AbstractConnection.java:544)
	at org.eclipse.jetty.util.thread.QueuedThreadPool.runJob(QueuedThreadPool.java:635)
	at org.eclipse.jetty.util.thread.QueuedThreadPool$3.run(QueuedThreadPool.java:555)
	at java.lang.Thread.run(Thread.java:745)
2017.11.18 17:08:32 org.jivesoftware.openfire.container.PluginMonitor - An unexpected exception occurred:
java.lang.NullPointerException
	at java.util.zip.ZipFile.getZipEntry(ZipFile.java:566)
	at java.util.zip.ZipFile.access$900(ZipFile.java:60)
	at java.util.zip.ZipFile$ZipEntryIterator.next(ZipFile.java:524)
	at java.util.zip.ZipFile$ZipEntryIterator.nextElement(ZipFile.java:499)
	at java.util.zip.ZipFile$ZipEntryIterator.nextElement(ZipFile.java:480)
	at java.util.jar.JarFile$JarEntryIterator.next(JarFile.java:257)
	at java.util.jar.JarFile$JarEntryIterator.nextElement(JarFile.java:266)
	at java.util.jar.JarFile$JarEntryIterator.nextElement(JarFile.java:247)
	at sun.misc.URLClassPath$JarLoader.validIndex(URLClassPath.java:968)
	at sun.misc.URLClassPath$JarLoader.getResource(URLClassPath.java:1101)
	at sun.misc.URLClassPath$JarLoader.getResource(URLClassPath.java:1013)
	at sun.misc.URLClassPath.getResource(URLClassPath.java:212)
	at java.net.URLClassLoader$1.run(URLClassLoader.java:365)
	at java.net.URLClassLoader$1.run(URLClassLoader.java:362)
	at java.security.AccessController.doPrivileged(Native Method)
	at java.net.URLClassLoader.findClass(URLClassLoader.java:361)
	at java.lang.ClassLoader.loadClass(ClassLoader.java:424)
	at java.lang.ClassLoader.loadClass(ClassLoader.java:357)
	at org.jivesoftware.openfire.container.PluginManager.unloadPlugin(PluginManager.java:736)
	at org.jivesoftware.openfire.container.PluginMonitor$MonitorTask.run(PluginMonitor.java:177)
	at java.util.concurrent.Executors$RunnableAdapter.call(Executors.java:511)
	at java.util.concurrent.FutureTask.runAndReset(FutureTask.java:308)
	at java.util.concurrent.ScheduledThreadPoolExecutor$ScheduledFutureTask.access$301(ScheduledThreadPoolExecutor.java:180)
	at java.util.concurrent.ScheduledThreadPoolExecutor$ScheduledFutureTask.run(ScheduledThreadPoolExecutor.java:294)
	at java.util.concurrent.ThreadPoolExecutor.runWorker(ThreadPoolExecutor.java:1142)
	at java.util.concurrent.ThreadPoolExecutor$Worker.run(ThreadPoolExecutor.java:617)
	at java.lang.Thread.run(Thread.java:745)
2017.11.18 17:09:18 org.jivesoftware.openfire.OfflineMessageStore - 内部服务器错误
java.lang.NullPointerException
	at java.util.zip.ZipFile.getZipEntry(ZipFile.java:566)
	at java.util.zip.ZipFile.access$900(ZipFile.java:60)
	at java.util.zip.ZipFile$ZipEntryIterator.next(ZipFile.java:524)
	at java.util.zip.ZipFile$ZipEntryIterator.nextElement(ZipFile.java:499)
	at java.util.zip.ZipFile$ZipEntryIterator.nextElement(ZipFile.java:480)
	at java.util.jar.JarFile$JarEntryIterator.next(JarFile.java:257)
	at java.util.jar.JarFile$JarEntryIterator.nextElement(JarFile.java:266)
	at java.util.jar.JarFile$JarEntryIterator.nextElement(JarFile.java:247)
	at sun.misc.URLClassPath$JarLoader.validIndex(URLClassPath.java:968)
	at sun.misc.URLClassPath$JarLoader.getResource(URLClassPath.java:1101)
	at sun.misc.URLClassPath$JarLoader.getResource(URLClassPath.java:1013)
	at sun.misc.URLClassPath.getResource(URLClassPath.java:212)
	at java.net.URLClassLoader$1.run(URLClassLoader.java:365)
	at java.net.URLClassLoader$1.run(URLClassLoader.java:362)
	at java.security.AccessController.doPrivileged(Native Method)
	at java.net.URLClassLoader.findClass(URLClassLoader.java:361)
	at java.lang.ClassLoader.loadClass(ClassLoader.java:424)
	at java.lang.ClassLoader.loadClass(ClassLoader.java:357)
	at org.jivesoftware.util.PropertiesImpl$PropertiesContext.putOrUpdate(PropertiesImpl.java:349)
	at org.jivesoftware.util.PropertiesImpl.put(PropertiesImpl.java:323)
	at org.jivesoftware.util.PropertiesImpl.load(PropertiesImpl.java:126)
	at org.jivesoftware.util.PropertyUtil.getProperty(PropertyUtil.java:34)
	at org.jivesoftware.openfire.OfflineMessageStore.addMessage(OfflineMessageStore.java:191)
	at org.jivesoftware.openfire.OfflineMessageStrategy.store(OfflineMessageStrategy.java:196)
	at org.jivesoftware.openfire.OfflineMessageStrategy.storeOffline(OfflineMessageStrategy.java:149)
	at org.jivesoftware.openfire.MessageRouter.routingFailed(MessageRouter.java:277)
	at org.jivesoftware.openfire.spi.RoutingTableImpl.routePacket(RoutingTableImpl.java:273)
	at org.jivesoftware.openfire.MessageRouter.route(MessageRouter.java:139)
	at org.jivesoftware.openfire.spi.PacketRouterImpl.route(PacketRouterImpl.java:83)
	at org.jivesoftware.openfire.spi.PacketRouterImpl.route(PacketRouterImpl.java:63)
	at org.jivesoftware.openfire.component.InternalComponentManager.sendPacket(InternalComponentManager.java:288)
	at org.jivesoftware.openfire.plugin.sendmsg.SendMsgServlet.doGet(SendMsgServlet.java:63)
	at javax.servlet.http.HttpServlet.service(HttpServlet.java:687)
	at javax.servlet.http.HttpServlet.service(HttpServlet.java:790)
	at org.jivesoftware.openfire.container.PluginServlet.handleServlet(PluginServlet.java:410)
	at org.jivesoftware.openfire.container.PluginServlet.service(PluginServlet.java:107)
	at javax.servlet.http.HttpServlet.service(HttpServlet.java:790)
	at org.eclipse.jetty.servlet.ServletHolder.handle(ServletHolder.java:812)
	at org.eclipse.jetty.servlet.ServletHandler$CachedChain.doFilter(ServletHandler.java:1669)
	at org.jivesoftware.admin.PluginFilter.doFilter(PluginFilter.java:226)
	at org.eclipse.jetty.servlet.ServletHandler$CachedChain.doFilter(ServletHandler.java:1652)
	at org.jivesoftware.admin.AuthCheckFilter.doFilter(AuthCheckFilter.java:165)
	at org.eclipse.jetty.servlet.ServletHandler$CachedChain.doFilter(ServletHandler.java:1652)
	at com.opensymphony.module.sitemesh.filter.PageFilter.doFilter(PageFilter.java:39)
	at org.eclipse.jetty.servlet.ServletHandler$CachedChain.doFilter(ServletHandler.java:1652)
	at org.eclipse.jetty.servlet.ServletHandler.doHandle(ServletHandler.java:585)
	at org.eclipse.jetty.server.handler.ScopedHandler.handle(ScopedHandler.java:143)
	at org.eclipse.jetty.security.SecurityHandler.handle(SecurityHandler.java:577)
	at org.eclipse.jetty.server.session.SessionHandler.doHandle(SessionHandler.java:223)
	at org.eclipse.jetty.server.handler.ContextHandler.doHandle(ContextHandler.java:1127)
	at org.eclipse.jetty.servlet.ServletHandler.doScope(ServletHandler.java:515)
	at org.eclipse.jetty.server.session.SessionHandler.doScope(SessionHandler.java:185)
	at org.eclipse.jetty.server.handler.ContextHandler.doScope(ContextHandler.java:1061)
	at org.eclipse.jetty.server.handler.ScopedHandler.handle(ScopedHandler.java:141)
	at org.eclipse.jetty.server.handler.ContextHandlerCollection.handle(ContextHandlerCollection.java:215)
	at org.eclipse.jetty.server.handler.HandlerCollection.handle(HandlerCollection.java:110)
	at org.eclipse.jetty.server.handler.HandlerWrapper.handle(HandlerWrapper.java:97)
	at org.eclipse.jetty.server.Server.handle(Server.java:499)
	at org.eclipse.jetty.server.HttpChannel.handle(HttpChannel.java:311)
	at org.eclipse.jetty.server.HttpConnection.onFillable(HttpConnection.java:257)
	at org.eclipse.jetty.io.AbstractConnection$2.run(AbstractConnection.java:544)
	at org.eclipse.jetty.util.thread.QueuedThreadPool.runJob(QueuedThreadPool.java:635)
	at org.eclipse.jetty.util.thread.QueuedThreadPool$3.run(QueuedThreadPool.java:555)
	at java.lang.Thread.run(Thread.java:745)
2017.11.18 17:09:18 org.jivesoftware.openfire.container.PluginServlet - 
java.lang.NullPointerException
	at java.util.zip.ZipFile.getZipEntry(ZipFile.java:566)
	at java.util.zip.ZipFile.access$900(ZipFile.java:60)
	at java.util.zip.ZipFile$ZipEntryIterator.next(ZipFile.java:524)
	at java.util.zip.ZipFile$ZipEntryIterator.nextElement(ZipFile.java:499)
	at java.util.zip.ZipFile$ZipEntryIterator.nextElement(ZipFile.java:480)
	at java.util.jar.JarFile$JarEntryIterator.next(JarFile.java:257)
	at java.util.jar.JarFile$JarEntryIterator.nextElement(JarFile.java:266)
	at java.util.jar.JarFile$JarEntryIterator.nextElement(JarFile.java:247)
	at sun.misc.URLClassPath$JarLoader.validIndex(URLClassPath.java:968)
	at sun.misc.URLClassPath$JarLoader.getResource(URLClassPath.java:1101)
	at sun.misc.URLClassPath$JarLoader.getResource(URLClassPath.java:1013)
	at sun.misc.URLClassPath.getResource(URLClassPath.java:212)
	at java.net.URLClassLoader$1.run(URLClassLoader.java:365)
	at java.net.URLClassLoader$1.run(URLClassLoader.java:362)
	at java.security.AccessController.doPrivileged(Native Method)
	at java.net.URLClassLoader.findClass(URLClassLoader.java:361)
	at java.lang.ClassLoader.loadClass(ClassLoader.java:424)
	at java.lang.ClassLoader.loadClass(ClassLoader.java:357)
	at org.jivesoftware.util.PropertiesImpl$PropertiesContext.putOrUpdate(PropertiesImpl.java:349)
	at org.jivesoftware.util.PropertiesImpl.put(PropertiesImpl.java:323)
	at org.jivesoftware.util.PropertiesImpl.load(PropertiesImpl.java:126)
	at org.jivesoftware.util.PropertyUtil.getProperty(PropertyUtil.java:34)
	at org.jivesoftware.openfire.plugin.sendmsg.SendMsgServlet.doGet(SendMsgServlet.java:69)
	at javax.servlet.http.HttpServlet.service(HttpServlet.java:687)
	at javax.servlet.http.HttpServlet.service(HttpServlet.java:790)
	at org.jivesoftware.openfire.container.PluginServlet.handleServlet(PluginServlet.java:410)
	at org.jivesoftware.openfire.container.PluginServlet.service(PluginServlet.java:107)
	at javax.servlet.http.HttpServlet.service(HttpServlet.java:790)
	at org.eclipse.jetty.servlet.ServletHolder.handle(ServletHolder.java:812)
	at org.eclipse.jetty.servlet.ServletHandler$CachedChain.doFilter(ServletHandler.java:1669)
	at org.jivesoftware.admin.PluginFilter.doFilter(PluginFilter.java:226)
	at org.eclipse.jetty.servlet.ServletHandler$CachedChain.doFilter(ServletHandler.java:1652)
	at org.jivesoftware.admin.AuthCheckFilter.doFilter(AuthCheckFilter.java:165)
	at org.eclipse.jetty.servlet.ServletHandler$CachedChain.doFilter(ServletHandler.java:1652)
	at com.opensymphony.module.sitemesh.filter.PageFilter.doFilter(PageFilter.java:39)
	at org.eclipse.jetty.servlet.ServletHandler$CachedChain.doFilter(ServletHandler.java:1652)
	at org.eclipse.jetty.servlet.ServletHandler.doHandle(ServletHandler.java:585)
	at org.eclipse.jetty.server.handler.ScopedHandler.handle(ScopedHandler.java:143)
	at org.eclipse.jetty.security.SecurityHandler.handle(SecurityHandler.java:577)
	at org.eclipse.jetty.server.session.SessionHandler.doHandle(SessionHandler.java:223)
	at org.eclipse.jetty.server.handler.ContextHandler.doHandle(ContextHandler.java:1127)
	at org.eclipse.jetty.servlet.ServletHandler.doScope(ServletHandler.java:515)
	at org.eclipse.jetty.server.session.SessionHandler.doScope(SessionHandler.java:185)
	at org.eclipse.jetty.server.handler.ContextHandler.doScope(ContextHandler.java:1061)
	at org.eclipse.jetty.server.handler.ScopedHandler.handle(ScopedHandler.java:141)
	at org.eclipse.jetty.server.handler.ContextHandlerCollection.handle(ContextHandlerCollection.java:215)
	at org.eclipse.jetty.server.handler.HandlerCollection.handle(HandlerCollection.java:110)
	at org.eclipse.jetty.server.handler.HandlerWrapper.handle(HandlerWrapper.java:97)
	at org.eclipse.jetty.server.Server.handle(Server.java:499)
	at org.eclipse.jetty.server.HttpChannel.handle(HttpChannel.java:311)
	at org.eclipse.jetty.server.HttpConnection.onFillable(HttpConnection.java:257)
	at org.eclipse.jetty.io.AbstractConnection$2.run(AbstractConnection.java:544)
	at org.eclipse.jetty.util.thread.QueuedThreadPool.runJob(QueuedThreadPool.java:635)
	at org.eclipse.jetty.util.thread.QueuedThreadPool$3.run(QueuedThreadPool.java:555)
	at java.lang.Thread.run(Thread.java:745)
2017.11.18 17:09:26 org.jivesoftware.openfire.XMPPServer - Exception during module shutdown
java.lang.NullPointerException
	at java.util.zip.ZipFile.getZipEntry(ZipFile.java:566)
	at java.util.zip.ZipFile.access$900(ZipFile.java:60)
	at java.util.zip.ZipFile$ZipEntryIterator.next(ZipFile.java:524)
	at java.util.zip.ZipFile$ZipEntryIterator.nextElement(ZipFile.java:499)
	at java.util.zip.ZipFile$ZipEntryIterator.nextElement(ZipFile.java:480)
	at java.util.jar.JarFile$JarEntryIterator.next(JarFile.java:257)
	at java.util.jar.JarFile$JarEntryIterator.nextElement(JarFile.java:266)
	at java.util.jar.JarFile$JarEntryIterator.nextElement(JarFile.java:247)
	at sun.misc.URLClassPath$JarLoader.validIndex(URLClassPath.java:968)
	at sun.misc.URLClassPath$JarLoader.getResource(URLClassPath.java:1101)
	at sun.misc.URLClassPath$JarLoader.getResource(URLClassPath.java:1013)
	at sun.misc.URLClassPath.getResource(URLClassPath.java:212)
	at java.net.URLClassLoader$1.run(URLClassLoader.java:365)
	at java.net.URLClassLoader$1.run(URLClassLoader.java:362)
	at java.security.AccessController.doPrivileged(Native Method)
	at java.net.URLClassLoader.findClass(URLClassLoader.java:361)
	at java.lang.ClassLoader.loadClass(ClassLoader.java:424)
	at java.lang.ClassLoader.loadClass(ClassLoader.java:357)
	at org.jivesoftware.openfire.SessionManager.stop(SessionManager.java:1457)
	at org.jivesoftware.openfire.XMPPServer.shutdownServer(XMPPServer.java:893)
	at org.jivesoftware.openfire.XMPPServer.access$800(XMPPServer.java:99)
	at org.jivesoftware.openfire.XMPPServer$ShutdownHookThread.run(XMPPServer.java:839)
2017.11.18 17:09:26 org.jivesoftware.openfire.XMPPServer - Exception during module shutdown
java.lang.NullPointerException
	at java.util.zip.ZipFile.getZipEntry(ZipFile.java:566)
	at java.util.zip.ZipFile.access$900(ZipFile.java:60)
	at java.util.zip.ZipFile$ZipEntryIterator.next(ZipFile.java:524)
	at java.util.zip.ZipFile$ZipEntryIterator.nextElement(ZipFile.java:499)
	at java.util.zip.ZipFile$ZipEntryIterator.nextElement(ZipFile.java:480)
	at java.util.jar.JarFile$JarEntryIterator.next(JarFile.java:257)
	at java.util.jar.JarFile$JarEntryIterator.nextElement(JarFile.java:266)
	at java.util.jar.JarFile$JarEntryIterator.nextElement(JarFile.java:247)
	at sun.misc.URLClassPath$JarLoader.validIndex(URLClassPath.java:968)
	at sun.misc.URLClassPath$JarLoader.getResource(URLClassPath.java:1101)
	at sun.misc.URLClassPath$JarLoader.getResource(URLClassPath.java:1013)
	at sun.misc.URLClassPath.getResource(URLClassPath.java:212)
	at java.net.URLClassLoader$1.run(URLClassLoader.java:365)
	at java.net.URLClassLoader$1.run(URLClassLoader.java:362)
	at java.security.AccessController.doPrivileged(Native Method)
	at java.net.URLClassLoader.findClass(URLClassLoader.java:361)
	at java.lang.ClassLoader.loadClass(ClassLoader.java:424)
	at java.lang.ClassLoader.loadClass(ClassLoader.java:357)
	at org.jivesoftware.util.cache.DefaultCache.values(DefaultCache.java:272)
	at org.jivesoftware.util.cache.CacheWrapper.values(CacheWrapper.java:120)
	at org.jivesoftware.openfire.pep.PEPServiceManager.stop(PEPServiceManager.java:207)
	at org.jivesoftware.openfire.pep.IQPEPHandler.stop(IQPEPHandler.java:202)
	at org.jivesoftware.openfire.XMPPServer.shutdownServer(XMPPServer.java:893)
	at org.jivesoftware.openfire.XMPPServer.access$800(XMPPServer.java:99)
	at org.jivesoftware.openfire.XMPPServer$ShutdownHookThread.run(XMPPServer.java:839)
2017.11.18 17:09:26 org.jivesoftware.openfire.XMPPServer - Exception during module shutdown
java.lang.NullPointerException
	at java.util.zip.ZipFile.getZipEntry(ZipFile.java:566)
	at java.util.zip.ZipFile.access$900(ZipFile.java:60)
	at java.util.zip.ZipFile$ZipEntryIterator.next(ZipFile.java:524)
	at java.util.zip.ZipFile$ZipEntryIterator.nextElement(ZipFile.java:499)
	at java.util.zip.ZipFile$ZipEntryIterator.nextElement(ZipFile.java:480)
	at java.util.jar.JarFile$JarEntryIterator.next(JarFile.java:257)
	at java.util.jar.JarFile$JarEntryIterator.nextElement(JarFile.java:266)
	at java.util.jar.JarFile$JarEntryIterator.nextElement(JarFile.java:247)
	at sun.misc.URLClassPath$JarLoader.validIndex(URLClassPath.java:968)
	at sun.misc.URLClassPath$JarLoader.getResource(URLClassPath.java:1101)
	at sun.misc.URLClassPath$JarLoader.getResource(URLClassPath.java:1013)
	at sun.misc.URLClassPath.getResource(URLClassPath.java:212)
	at java.net.URLClassLoader$1.run(URLClassLoader.java:365)
	at java.net.URLClassLoader$1.run(URLClassLoader.java:362)
	at java.security.AccessController.doPrivileged(Native Method)
	at java.net.URLClassLoader.findClass(URLClassLoader.java:361)
	at java.lang.ClassLoader.loadClass(ClassLoader.java:424)
	at java.lang.ClassLoader.loadClass(ClassLoader.java:357)
	at org.jivesoftware.openfire.component.InternalComponentManager.removeComponent(InternalComponentManager.java:259)
	at org.jivesoftware.openfire.component.InternalComponentManager.removeComponent(InternalComponentManager.java:217)
	at org.jivesoftware.openfire.muc.MultiUserChatManager.unregisterMultiUserChatService(MultiUserChatManager.java:182)
	at org.jivesoftware.openfire.muc.MultiUserChatManager.stop(MultiUserChatManager.java:144)
	at org.jivesoftware.openfire.XMPPServer.shutdownServer(XMPPServer.java:893)
	at org.jivesoftware.openfire.XMPPServer.access$800(XMPPServer.java:99)
	at org.jivesoftware.openfire.XMPPServer$ShutdownHookThread.run(XMPPServer.java:839)
2017.11.18 17:09:26 org.jivesoftware.openfire.spi.ConnectionManagerImpl - An exception occurred while stopping listener ConnectionListener{name=socket_c2s}
java.lang.NullPointerException
	at java.util.zip.ZipFile.getZipEntry(ZipFile.java:566)
	at java.util.zip.ZipFile.access$900(ZipFile.java:60)
	at java.util.zip.ZipFile$ZipEntryIterator.next(ZipFile.java:524)
	at java.util.zip.ZipFile$ZipEntryIterator.nextElement(ZipFile.java:499)
	at java.util.zip.ZipFile$ZipEntryIterator.nextElement(ZipFile.java:480)
	at java.util.jar.JarFile$JarEntryIterator.next(JarFile.java:257)
	at java.util.jar.JarFile$JarEntryIterator.nextElement(JarFile.java:266)
	at java.util.jar.JarFile$JarEntryIterator.nextElement(JarFile.java:247)
	at sun.misc.URLClassPath$JarLoader.validIndex(URLClassPath.java:968)
	at sun.misc.URLClassPath$JarLoader.getResource(URLClassPath.java:1101)
	at sun.misc.URLClassPath$JarLoader.getResource(URLClassPath.java:1013)
	at sun.misc.URLClassPath.getResource(URLClassPath.java:212)
	at java.net.URLClassLoader$1.run(URLClassLoader.java:365)
	at java.net.URLClassLoader$1.run(URLClassLoader.java:362)
	at java.security.AccessController.doPrivileged(Native Method)
	at java.net.URLClassLoader.findClass(URLClassLoader.java:361)
	at java.lang.ClassLoader.loadClass(ClassLoader.java:424)
	at java.lang.ClassLoader.loadClass(ClassLoader.java:357)
	at org.apache.mina.core.service.IoServiceListenerSupport.disconnectSessions(IoServiceListenerSupport.java:287)
	at org.apache.mina.core.service.IoServiceListenerSupport.fireServiceDeactivated(IoServiceListenerSupport.java:181)
	at org.apache.mina.core.service.AbstractIoAcceptor.unbind(AbstractIoAcceptor.java:406)
	at org.apache.mina.core.service.AbstractIoAcceptor.unbind(AbstractIoAcceptor.java:324)
	at org.jivesoftware.openfire.spi.MINAConnectionAcceptor.stop(MINAConnectionAcceptor.java:161)
	at org.jivesoftware.openfire.spi.ConnectionListener.stop(ConnectionListener.java:289)
	at org.jivesoftware.openfire.spi.ConnectionManagerImpl.stopListeners(ConnectionManagerImpl.java:334)
	at org.jivesoftware.openfire.spi.ConnectionManagerImpl.stop(ConnectionManagerImpl.java:691)
	at org.jivesoftware.openfire.XMPPServer.shutdownServer(XMPPServer.java:893)
	at org.jivesoftware.openfire.XMPPServer.access$800(XMPPServer.java:99)
	at org.jivesoftware.openfire.XMPPServer$ShutdownHookThread.run(XMPPServer.java:839)
2017.11.18 17:09:26 org.jivesoftware.openfire.spi.ConnectionManagerImpl - An exception occurred while stopping listener ConnectionListener{name=socket_c2s-legacyMode}
java.lang.NullPointerException
	at java.util.zip.ZipFile.getZipEntry(ZipFile.java:566)
	at java.util.zip.ZipFile.access$900(ZipFile.java:60)
	at java.util.zip.ZipFile$ZipEntryIterator.next(ZipFile.java:524)
	at java.util.zip.ZipFile$ZipEntryIterator.nextElement(ZipFile.java:499)
	at java.util.zip.ZipFile$ZipEntryIterator.nextElement(ZipFile.java:480)
	at java.util.jar.JarFile$JarEntryIterator.next(JarFile.java:257)
	at java.util.jar.JarFile$JarEntryIterator.nextElement(JarFile.java:266)
	at java.util.jar.JarFile$JarEntryIterator.nextElement(JarFile.java:247)
	at sun.misc.URLClassPath$JarLoader.validIndex(URLClassPath.java:968)
	at sun.misc.URLClassPath$JarLoader.getResource(URLClassPath.java:1101)
	at sun.misc.URLClassPath$JarLoader.getResource(URLClassPath.java:1013)
	at sun.misc.URLClassPath.getResource(URLClassPath.java:212)
	at java.net.URLClassLoader$1.run(URLClassLoader.java:365)
	at java.net.URLClassLoader$1.run(URLClassLoader.java:362)
	at java.security.AccessController.doPrivileged(Native Method)
	at java.net.URLClassLoader.findClass(URLClassLoader.java:361)
	at java.lang.ClassLoader.loadClass(ClassLoader.java:424)
	at java.lang.ClassLoader.loadClass(ClassLoader.java:357)
	at org.apache.mina.core.service.IoServiceListenerSupport.disconnectSessions(IoServiceListenerSupport.java:287)
	at org.apache.mina.core.service.IoServiceListenerSupport.fireServiceDeactivated(IoServiceListenerSupport.java:181)
	at org.apache.mina.core.service.AbstractIoAcceptor.unbind(AbstractIoAcceptor.java:406)
	at org.apache.mina.core.service.AbstractIoAcceptor.unbind(AbstractIoAcceptor.java:324)
	at org.jivesoftware.openfire.spi.MINAConnectionAcceptor.stop(MINAConnectionAcceptor.java:161)
	at org.jivesoftware.openfire.spi.ConnectionListener.stop(ConnectionListener.java:289)
	at org.jivesoftware.openfire.spi.ConnectionManagerImpl.stopListeners(ConnectionManagerImpl.java:334)
	at org.jivesoftware.openfire.spi.ConnectionManagerImpl.stop(ConnectionManagerImpl.java:691)
	at org.jivesoftware.openfire.XMPPServer.shutdownServer(XMPPServer.java:893)
	at org.jivesoftware.openfire.XMPPServer.access$800(XMPPServer.java:99)
	at org.jivesoftware.openfire.XMPPServer$ShutdownHookThread.run(XMPPServer.java:839)
2017.11.18 17:09:26 org.jivesoftware.openfire.spi.ConnectionManagerImpl - An exception occurred while stopping listener ConnectionListener{name=component}
java.lang.NullPointerException
	at java.util.zip.ZipFile.getZipEntry(ZipFile.java:566)
	at java.util.zip.ZipFile.access$900(ZipFile.java:60)
	at java.util.zip.ZipFile$ZipEntryIterator.next(ZipFile.java:524)
	at java.util.zip.ZipFile$ZipEntryIterator.nextElement(ZipFile.java:499)
	at java.util.zip.ZipFile$ZipEntryIterator.nextElement(ZipFile.java:480)
	at java.util.jar.JarFile$JarEntryIterator.next(JarFile.java:257)
	at java.util.jar.JarFile$JarEntryIterator.nextElement(JarFile.java:266)
	at java.util.jar.JarFile$JarEntryIterator.nextElement(JarFile.java:247)
	at sun.misc.URLClassPath$JarLoader.validIndex(URLClassPath.java:968)
	at sun.misc.URLClassPath$JarLoader.getResource(URLClassPath.java:1101)
	at sun.misc.URLClassPath$JarLoader.getResource(URLClassPath.java:1013)
	at sun.misc.URLClassPath.getResource(URLClassPath.java:212)
	at java.net.URLClassLoader$1.run(URLClassLoader.java:365)
	at java.net.URLClassLoader$1.run(URLClassLoader.java:362)
	at java.security.AccessController.doPrivileged(Native Method)
	at java.net.URLClassLoader.findClass(URLClassLoader.java:361)
	at java.lang.ClassLoader.loadClass(ClassLoader.java:424)
	at java.lang.ClassLoader.loadClass(ClassLoader.java:357)
	at org.apache.mina.core.service.IoServiceListenerSupport.disconnectSessions(IoServiceListenerSupport.java:287)
	at org.apache.mina.core.service.IoServiceListenerSupport.fireServiceDeactivated(IoServiceListenerSupport.java:181)
	at org.apache.mina.core.service.AbstractIoAcceptor.unbind(AbstractIoAcceptor.java:406)
	at org.apache.mina.core.service.AbstractIoAcceptor.unbind(AbstractIoAcceptor.java:324)
	at org.jivesoftware.openfire.spi.MINAConnectionAcceptor.stop(MINAConnectionAcceptor.java:161)
	at org.jivesoftware.openfire.spi.ConnectionListener.stop(ConnectionListener.java:289)
	at org.jivesoftware.openfire.spi.ConnectionManagerImpl.stopListeners(ConnectionManagerImpl.java:334)
	at org.jivesoftware.openfire.spi.ConnectionManagerImpl.stop(ConnectionManagerImpl.java:691)
	at org.jivesoftware.openfire.XMPPServer.shutdownServer(XMPPServer.java:893)
	at org.jivesoftware.openfire.XMPPServer.access$800(XMPPServer.java:99)
	at org.jivesoftware.openfire.XMPPServer$ShutdownHookThread.run(XMPPServer.java:839)
2017.11.18 17:09:26 org.jivesoftware.openfire.spi.ConnectionManagerImpl - An exception occurred while stopping listener ConnectionListener{name=component-legacyMode}
java.lang.NullPointerException
	at java.util.zip.ZipFile.getZipEntry(ZipFile.java:566)
	at java.util.zip.ZipFile.access$900(ZipFile.java:60)
	at java.util.zip.ZipFile$ZipEntryIterator.next(ZipFile.java:524)
	at java.util.zip.ZipFile$ZipEntryIterator.nextElement(ZipFile.java:499)
	at java.util.zip.ZipFile$ZipEntryIterator.nextElement(ZipFile.java:480)
	at java.util.jar.JarFile$JarEntryIterator.next(JarFile.java:257)
	at java.util.jar.JarFile$JarEntryIterator.nextElement(JarFile.java:266)
	at java.util.jar.JarFile$JarEntryIterator.nextElement(JarFile.java:247)
	at sun.misc.URLClassPath$JarLoader.validIndex(URLClassPath.java:968)
	at sun.misc.URLClassPath$JarLoader.getResource(URLClassPath.java:1101)
	at sun.misc.URLClassPath$JarLoader.getResource(URLClassPath.java:1013)
	at sun.misc.URLClassPath.getResource(URLClassPath.java:212)
	at java.net.URLClassLoader$1.run(URLClassLoader.java:365)
	at java.net.URLClassLoader$1.run(URLClassLoader.java:362)
	at java.security.AccessController.doPrivileged(Native Method)
	at java.net.URLClassLoader.findClass(URLClassLoader.java:361)
	at java.lang.ClassLoader.loadClass(ClassLoader.java:424)
	at java.lang.ClassLoader.loadClass(ClassLoader.java:357)
	at org.apache.mina.core.service.IoServiceListenerSupport.disconnectSessions(IoServiceListenerSupport.java:287)
	at org.apache.mina.core.service.IoServiceListenerSupport.fireServiceDeactivated(IoServiceListenerSupport.java:181)
	at org.apache.mina.core.service.AbstractIoAcceptor.unbind(AbstractIoAcceptor.java:406)
	at org.apache.mina.core.service.AbstractIoAcceptor.unbind(AbstractIoAcceptor.java:324)
	at org.jivesoftware.openfire.spi.MINAConnectionAcceptor.stop(MINAConnectionAcceptor.java:161)
	at org.jivesoftware.openfire.spi.ConnectionListener.stop(ConnectionListener.java:289)
	at org.jivesoftware.openfire.spi.ConnectionManagerImpl.stopListeners(ConnectionManagerImpl.java:334)
	at org.jivesoftware.openfire.spi.ConnectionManagerImpl.stop(ConnectionManagerImpl.java:691)
	at org.jivesoftware.openfire.XMPPServer.shutdownServer(XMPPServer.java:893)
	at org.jivesoftware.openfire.XMPPServer.access$800(XMPPServer.java:99)
	at org.jivesoftware.openfire.XMPPServer$ShutdownHookThread.run(XMPPServer.java:839)
2017.11.18 17:09:26 org.jivesoftware.openfire.spi.ConnectionManagerImpl - An exception occurred while stopping listener ConnectionListener{name=connection_manager}
java.lang.NullPointerException
	at java.util.zip.ZipFile.getZipEntry(ZipFile.java:566)
	at java.util.zip.ZipFile.access$900(ZipFile.java:60)
	at java.util.zip.ZipFile$ZipEntryIterator.next(ZipFile.java:524)
	at java.util.zip.ZipFile$ZipEntryIterator.nextElement(ZipFile.java:499)
	at java.util.zip.ZipFile$ZipEntryIterator.nextElement(ZipFile.java:480)
	at java.util.jar.JarFile$JarEntryIterator.next(JarFile.java:257)
	at java.util.jar.JarFile$JarEntryIterator.nextElement(JarFile.java:266)
	at java.util.jar.JarFile$JarEntryIterator.nextElement(JarFile.java:247)
	at sun.misc.URLClassPath$JarLoader.validIndex(URLClassPath.java:968)
	at sun.misc.URLClassPath$JarLoader.getResource(URLClassPath.java:1101)
	at sun.misc.URLClassPath$JarLoader.getResource(URLClassPath.java:1013)
	at sun.misc.URLClassPath.getResource(URLClassPath.java:212)
	at java.net.URLClassLoader$1.run(URLClassLoader.java:365)
	at java.net.URLClassLoader$1.run(URLClassLoader.java:362)
	at java.security.AccessController.doPrivileged(Native Method)
	at java.net.URLClassLoader.findClass(URLClassLoader.java:361)
	at java.lang.ClassLoader.loadClass(ClassLoader.java:424)
	at java.lang.ClassLoader.loadClass(ClassLoader.java:357)
	at org.apache.mina.core.service.IoServiceListenerSupport.disconnectSessions(IoServiceListenerSupport.java:287)
	at org.apache.mina.core.service.IoServiceListenerSupport.fireServiceDeactivated(IoServiceListenerSupport.java:181)
	at org.apache.mina.core.service.AbstractIoAcceptor.unbind(AbstractIoAcceptor.java:406)
	at org.apache.mina.core.service.AbstractIoAcceptor.unbind(AbstractIoAcceptor.java:324)
	at org.jivesoftware.openfire.spi.MINAConnectionAcceptor.stop(MINAConnectionAcceptor.java:161)
	at org.jivesoftware.openfire.spi.ConnectionListener.stop(ConnectionListener.java:289)
	at org.jivesoftware.openfire.spi.ConnectionManagerImpl.stopListeners(ConnectionManagerImpl.java:334)
	at org.jivesoftware.openfire.spi.ConnectionManagerImpl.stop(ConnectionManagerImpl.java:691)
	at org.jivesoftware.openfire.XMPPServer.shutdownServer(XMPPServer.java:893)
	at org.jivesoftware.openfire.XMPPServer.access$800(XMPPServer.java:99)
	at org.jivesoftware.openfire.XMPPServer$ShutdownHookThread.run(XMPPServer.java:839)
2017.11.18 17:09:26 org.jivesoftware.openfire.spi.ConnectionManagerImpl - An exception occurred while stopping listener ConnectionListener{name=connection_manager-legacyMode}
java.lang.NullPointerException
	at java.util.zip.ZipFile.getZipEntry(ZipFile.java:566)
	at java.util.zip.ZipFile.access$900(ZipFile.java:60)
	at java.util.zip.ZipFile$ZipEntryIterator.next(ZipFile.java:524)
	at java.util.zip.ZipFile$ZipEntryIterator.nextElement(ZipFile.java:499)
	at java.util.zip.ZipFile$ZipEntryIterator.nextElement(ZipFile.java:480)
	at java.util.jar.JarFile$JarEntryIterator.next(JarFile.java:257)
	at java.util.jar.JarFile$JarEntryIterator.nextElement(JarFile.java:266)
	at java.util.jar.JarFile$JarEntryIterator.nextElement(JarFile.java:247)
	at sun.misc.URLClassPath$JarLoader.validIndex(URLClassPath.java:968)
	at sun.misc.URLClassPath$JarLoader.getResource(URLClassPath.java:1101)
	at sun.misc.URLClassPath$JarLoader.getResource(URLClassPath.java:1013)
	at sun.misc.URLClassPath.getResource(URLClassPath.java:212)
	at java.net.URLClassLoader$1.run(URLClassLoader.java:365)
	at java.net.URLClassLoader$1.run(URLClassLoader.java:362)
	at java.security.AccessController.doPrivileged(Native Method)
	at java.net.URLClassLoader.findClass(URLClassLoader.java:361)
	at java.lang.ClassLoader.loadClass(ClassLoader.java:424)
	at java.lang.ClassLoader.loadClass(ClassLoader.java:357)
	at org.apache.mina.core.service.IoServiceListenerSupport.disconnectSessions(IoServiceListenerSupport.java:287)
	at org.apache.mina.core.service.IoServiceListenerSupport.fireServiceDeactivated(IoServiceListenerSupport.java:181)
	at org.apache.mina.core.service.AbstractIoAcceptor.unbind(AbstractIoAcceptor.java:406)
	at org.apache.mina.core.service.AbstractIoAcceptor.unbind(AbstractIoAcceptor.java:324)
	at org.jivesoftware.openfire.spi.MINAConnectionAcceptor.stop(MINAConnectionAcceptor.java:161)
	at org.jivesoftware.openfire.spi.ConnectionListener.stop(ConnectionListener.java:289)
	at org.jivesoftware.openfire.spi.ConnectionManagerImpl.stopListeners(ConnectionManagerImpl.java:334)
	at org.jivesoftware.openfire.spi.ConnectionManagerImpl.stop(ConnectionManagerImpl.java:691)
	at org.jivesoftware.openfire.XMPPServer.shutdownServer(XMPPServer.java:893)
	at org.jivesoftware.openfire.XMPPServer.access$800(XMPPServer.java:99)
	at org.jivesoftware.openfire.XMPPServer$ShutdownHookThread.run(XMPPServer.java:839)
2017.11.18 17:09:26 org.jivesoftware.openfire.http.HttpBindManager - Error stopping HTTP bind service
java.lang.NullPointerException
	at java.util.zip.ZipFile.getZipEntry(ZipFile.java:566)
	at java.util.zip.ZipFile.access$900(ZipFile.java:60)
	at java.util.zip.ZipFile$ZipEntryIterator.next(ZipFile.java:524)
	at java.util.zip.ZipFile$ZipEntryIterator.nextElement(ZipFile.java:499)
	at java.util.zip.ZipFile$ZipEntryIterator.nextElement(ZipFile.java:480)
	at java.util.jar.JarFile$JarEntryIterator.next(JarFile.java:257)
	at java.util.jar.JarFile$JarEntryIterator.nextElement(JarFile.java:266)
	at java.util.jar.JarFile$JarEntryIterator.nextElement(JarFile.java:247)
	at sun.misc.URLClassPath$JarLoader.validIndex(URLClassPath.java:968)
	at sun.misc.URLClassPath$JarLoader.getResource(URLClassPath.java:1101)
	at sun.misc.URLClassPath$JarLoader.getResource(URLClassPath.java:1013)
	at sun.misc.URLClassPath.getResource(URLClassPath.java:212)
	at java.net.URLClassLoader$1.run(URLClassLoader.java:365)
	at java.net.URLClassLoader$1.run(URLClassLoader.java:362)
	at java.security.AccessController.doPrivileged(Native Method)
	at java.net.URLClassLoader.findClass(URLClassLoader.java:361)
	at java.lang.ClassLoader.loadClass(ClassLoader.java:424)
	at java.lang.ClassLoader.loadClass(ClassLoader.java:357)
	at org.eclipse.jetty.webapp.WebAppClassLoader.loadClass(WebAppClassLoader.java:427)
	at org.eclipse.jetty.webapp.WebAppClassLoader.loadClass(WebAppClassLoader.java:403)
	at org.eclipse.jetty.util.Loader.loadClass(Loader.java:86)
	at org.eclipse.jetty.servlet.listener.ELContextCleaner.contextDestroyed(ELContextCleaner.java:55)
	at org.eclipse.jetty.server.handler.ContextHandler.callContextDestroyed(ContextHandler.java:808)
	at org.eclipse.jetty.servlet.ServletContextHandler.callContextDestroyed(ServletContextHandler.java:457)
	at org.eclipse.jetty.server.handler.ContextHandler.doStop(ContextHandler.java:842)
	at org.eclipse.jetty.servlet.ServletContextHandler.doStop(ServletContextHandler.java:215)
	at org.eclipse.jetty.webapp.WebAppContext.doStop(WebAppContext.java:529)
	at org.eclipse.jetty.util.component.AbstractLifeCycle.stop(AbstractLifeCycle.java:89)
	at org.eclipse.jetty.util.component.ContainerLifeCycle.stop(ContainerLifeCycle.java:143)
	at org.eclipse.jetty.util.component.ContainerLifeCycle.doStop(ContainerLifeCycle.java:162)
	at org.eclipse.jetty.server.handler.AbstractHandler.doStop(AbstractHandler.java:73)
	at org.eclipse.jetty.util.component.AbstractLifeCycle.stop(AbstractLifeCycle.java:89)
	at org.jivesoftware.openfire.http.HttpBindManager.stop(HttpBindManager.java:242)
	at org.jivesoftware.openfire.spi.ConnectionManagerImpl.stopListeners(ConnectionManagerImpl.java:345)
	at org.jivesoftware.openfire.spi.ConnectionManagerImpl.stop(ConnectionManagerImpl.java:691)
	at org.jivesoftware.openfire.XMPPServer.shutdownServer(XMPPServer.java:893)
	at org.jivesoftware.openfire.XMPPServer.access$800(XMPPServer.java:99)
	at org.jivesoftware.openfire.XMPPServer$ShutdownHookThread.run(XMPPServer.java:839)
2017.11.18 17:09:26 org.jivesoftware.openfire.container.AdminConsolePlugin - Error stopping admin console server
java.lang.NullPointerException
	at java.util.zip.ZipFile.getZipEntry(ZipFile.java:566)
	at java.util.zip.ZipFile.access$900(ZipFile.java:60)
	at java.util.zip.ZipFile$ZipEntryIterator.next(ZipFile.java:524)
	at java.util.zip.ZipFile$ZipEntryIterator.nextElement(ZipFile.java:499)
	at java.util.zip.ZipFile$ZipEntryIterator.nextElement(ZipFile.java:480)
	at java.util.jar.JarFile$JarEntryIterator.next(JarFile.java:257)
	at java.util.jar.JarFile$JarEntryIterator.nextElement(JarFile.java:266)
	at java.util.jar.JarFile$JarEntryIterator.nextElement(JarFile.java:247)
	at sun.misc.URLClassPath$JarLoader.validIndex(URLClassPath.java:968)
	at sun.misc.URLClassPath$JarLoader.getResource(URLClassPath.java:1101)
	at sun.misc.URLClassPath$JarLoader.getResource(URLClassPath.java:1013)
	at sun.misc.URLClassPath.getResource(URLClassPath.java:212)
	at java.net.URLClassLoader$1.run(URLClassLoader.java:365)
	at java.net.URLClassLoader$1.run(URLClassLoader.java:362)
	at java.security.AccessController.doPrivileged(Native Method)
	at java.net.URLClassLoader.findClass(URLClassLoader.java:361)
	at java.lang.ClassLoader.loadClass(ClassLoader.java:424)
	at java.lang.ClassLoader.loadClass(ClassLoader.java:357)
	at org.eclipse.jetty.server.AbstractConnector.shutdown(AbstractConnector.java:285)
	at org.eclipse.jetty.server.AbstractNetworkConnector.shutdown(AbstractNetworkConnector.java:108)
	at org.eclipse.jetty.server.ServerConnector.shutdown(ServerConnector.java:341)
	at org.eclipse.jetty.server.Server.doStop(Server.java:404)
	at org.eclipse.jetty.util.component.AbstractLifeCycle.stop(AbstractLifeCycle.java:89)
	at org.jivesoftware.openfire.container.AdminConsolePlugin.shutdown(AdminConsolePlugin.java:231)
	at org.jivesoftware.openfire.container.AdminConsolePlugin.destroyPlugin(AdminConsolePlugin.java:251)
	at org.jivesoftware.openfire.container.PluginManager.shutdown(PluginManager.java:112)
	at org.jivesoftware.openfire.XMPPServer.shutdownServer(XMPPServer.java:903)
	at org.jivesoftware.openfire.XMPPServer.access$800(XMPPServer.java:99)
	at org.jivesoftware.openfire.XMPPServer$ShutdownHookThread.run(XMPPServer.java:839)
