2017.11.18 15:41:22 org.jivesoftware.openfire.spi.LegacyConnectionAcceptor - Configuration allows for up to 16 threads, although implementation is limited to exactly one.
2017.11.18 16:42:03 org.jivesoftware.openfire.spi.LegacyConnectionAcceptor - Configuration allows for up to 16 threads, although implementation is limited to exactly one.
2017.11.18 16:47:08 org.jivesoftware.openfire.spi.LegacyConnectionAcceptor - Configuration allows for up to 16 threads, although implementation is limited to exactly one.
2017.11.18 16:48:09 org.jivesoftware.openfire.spi.LegacyConnectionAcceptor - Configuration allows for up to 16 threads, although implementation is limited to exactly one.
2017.11.18 17:09:26 org.eclipse.jetty.util.component.AbstractLifeCycle - FAILED o.e.j.w.WebAppContext@339da694{/,file:/Users/Jikey/Downloads/workspace/openfire_src/target/openfire/resources/spank/,UNAVAILABLE}{/Users/Jikey/Downloads/workspace/openfire_src/target/openfire/resources/spank}: java.lang.NullPointerException
java.lang.NullPointerException
	at java.util.zip.ZipFile.getZipEntry(ZipFile.java:566)
	at java.util.zip.ZipFile.access$900(ZipFile.java:60)
	at java.util.zip.ZipFile$ZipEntryIterator.next(ZipFile.java:524)
	at java.util.zip.ZipFile$ZipEntryIterator.nextElement(ZipFile.java:499)
	at java.util.zip.ZipFile$ZipEntryIterator.nextElement(ZipFile.java:480)
	at java.util.jar.JarFile$JarEntryIterator.next(JarFile.java:257)
	at java.util.jar.JarFile$JarEntryIterator.nextElement(JarFile.java:266)
	at java.util.jar.JarFile$JarEntryIterator.nextElement(JarFile.java:247)
	at sun.misc.URLClassPath$JarLoader.validIndex(URLClassPath.java:968)
	at sun.misc.URLClassPath$JarLoader.getResource(URLClassPath.java:1101)
	at sun.misc.URLClassPath$JarLoader.getResource(URLClassPath.java:1013)
	at sun.misc.URLClassPath.getResource(URLClassPath.java:212)
	at java.net.URLClassLoader$1.run(URLClassLoader.java:365)
	at java.net.URLClassLoader$1.run(URLClassLoader.java:362)
	at java.security.AccessController.doPrivileged(Native Method)
	at java.net.URLClassLoader.findClass(URLClassLoader.java:361)
	at java.lang.ClassLoader.loadClass(ClassLoader.java:424)
	at java.lang.ClassLoader.loadClass(ClassLoader.java:357)
	at org.eclipse.jetty.webapp.WebAppClassLoader.loadClass(WebAppClassLoader.java:427)
	at org.eclipse.jetty.webapp.WebAppClassLoader.loadClass(WebAppClassLoader.java:403)
	at org.eclipse.jetty.util.Loader.loadClass(Loader.java:86)
	at org.eclipse.jetty.servlet.listener.ELContextCleaner.contextDestroyed(ELContextCleaner.java:55)
	at org.eclipse.jetty.server.handler.ContextHandler.callContextDestroyed(ContextHandler.java:808)
	at org.eclipse.jetty.servlet.ServletContextHandler.callContextDestroyed(ServletContextHandler.java:457)
	at org.eclipse.jetty.server.handler.ContextHandler.doStop(ContextHandler.java:842)
	at org.eclipse.jetty.servlet.ServletContextHandler.doStop(ServletContextHandler.java:215)
	at org.eclipse.jetty.webapp.WebAppContext.doStop(WebAppContext.java:529)
	at org.eclipse.jetty.util.component.AbstractLifeCycle.stop(AbstractLifeCycle.java:89)
	at org.eclipse.jetty.util.component.ContainerLifeCycle.stop(ContainerLifeCycle.java:143)
	at org.eclipse.jetty.util.component.ContainerLifeCycle.doStop(ContainerLifeCycle.java:162)
	at org.eclipse.jetty.server.handler.AbstractHandler.doStop(AbstractHandler.java:73)
	at org.eclipse.jetty.util.component.AbstractLifeCycle.stop(AbstractLifeCycle.java:89)
	at org.jivesoftware.openfire.http.HttpBindManager.stop(HttpBindManager.java:242)
	at org.jivesoftware.openfire.spi.ConnectionManagerImpl.stopListeners(ConnectionManagerImpl.java:345)
	at org.jivesoftware.openfire.spi.ConnectionManagerImpl.stop(ConnectionManagerImpl.java:691)
	at org.jivesoftware.openfire.XMPPServer.shutdownServer(XMPPServer.java:893)
	at org.jivesoftware.openfire.XMPPServer.access$800(XMPPServer.java:99)
	at org.jivesoftware.openfire.XMPPServer$ShutdownHookThread.run(XMPPServer.java:839)
2017.11.18 17:09:26 org.eclipse.jetty.util.component.AbstractLifeCycle - FAILED org.eclipse.jetty.server.handler.HandlerList@da24b8d[o.e.j.s.ServletContextHandler@3e3a6a84{/http-bind,null,AVAILABLE}, o.e.j.s.ServletContextHandler@604dd2d1{/crossdomain.xml,null,AVAILABLE}, org.eclipse.jetty.server.handler.HandlerCollection@b2c298a[], o.e.j.w.WebAppContext@339da694{/,file:/Users/Jikey/Downloads/workspace/openfire_src/target/openfire/resources/spank/,UNAVAILABLE}{/Users/Jikey/Downloads/workspace/openfire_src/target/openfire/resources/spank}]: java.lang.NullPointerException
java.lang.NullPointerException
	at java.util.zip.ZipFile.getZipEntry(ZipFile.java:566)
	at java.util.zip.ZipFile.access$900(ZipFile.java:60)
	at java.util.zip.ZipFile$ZipEntryIterator.next(ZipFile.java:524)
	at java.util.zip.ZipFile$ZipEntryIterator.nextElement(ZipFile.java:499)
	at java.util.zip.ZipFile$ZipEntryIterator.nextElement(ZipFile.java:480)
	at java.util.jar.JarFile$JarEntryIterator.next(JarFile.java:257)
	at java.util.jar.JarFile$JarEntryIterator.nextElement(JarFile.java:266)
	at java.util.jar.JarFile$JarEntryIterator.nextElement(JarFile.java:247)
	at sun.misc.URLClassPath$JarLoader.validIndex(URLClassPath.java:968)
	at sun.misc.URLClassPath$JarLoader.getResource(URLClassPath.java:1101)
	at sun.misc.URLClassPath$JarLoader.getResource(URLClassPath.java:1013)
	at sun.misc.URLClassPath.getResource(URLClassPath.java:212)
	at java.net.URLClassLoader$1.run(URLClassLoader.java:365)
	at java.net.URLClassLoader$1.run(URLClassLoader.java:362)
	at java.security.AccessController.doPrivileged(Native Method)
	at java.net.URLClassLoader.findClass(URLClassLoader.java:361)
	at java.lang.ClassLoader.loadClass(ClassLoader.java:424)
	at java.lang.ClassLoader.loadClass(ClassLoader.java:357)
	at org.eclipse.jetty.webapp.WebAppClassLoader.loadClass(WebAppClassLoader.java:427)
	at org.eclipse.jetty.webapp.WebAppClassLoader.loadClass(WebAppClassLoader.java:403)
	at org.eclipse.jetty.util.Loader.loadClass(Loader.java:86)
	at org.eclipse.jetty.servlet.listener.ELContextCleaner.contextDestroyed(ELContextCleaner.java:55)
	at org.eclipse.jetty.server.handler.ContextHandler.callContextDestroyed(ContextHandler.java:808)
	at org.eclipse.jetty.servlet.ServletContextHandler.callContextDestroyed(ServletContextHandler.java:457)
	at org.eclipse.jetty.server.handler.ContextHandler.doStop(ContextHandler.java:842)
	at org.eclipse.jetty.servlet.ServletContextHandler.doStop(ServletContextHandler.java:215)
	at org.eclipse.jetty.webapp.WebAppContext.doStop(WebAppContext.java:529)
	at org.eclipse.jetty.util.component.AbstractLifeCycle.stop(AbstractLifeCycle.java:89)
	at org.eclipse.jetty.util.component.ContainerLifeCycle.stop(ContainerLifeCycle.java:143)
	at org.eclipse.jetty.util.component.ContainerLifeCycle.doStop(ContainerLifeCycle.java:162)
	at org.eclipse.jetty.server.handler.AbstractHandler.doStop(AbstractHandler.java:73)
	at org.eclipse.jetty.util.component.AbstractLifeCycle.stop(AbstractLifeCycle.java:89)
	at org.jivesoftware.openfire.http.HttpBindManager.stop(HttpBindManager.java:242)
	at org.jivesoftware.openfire.spi.ConnectionManagerImpl.stopListeners(ConnectionManagerImpl.java:345)
	at org.jivesoftware.openfire.spi.ConnectionManagerImpl.stop(ConnectionManagerImpl.java:691)
	at org.jivesoftware.openfire.XMPPServer.shutdownServer(XMPPServer.java:893)
	at org.jivesoftware.openfire.XMPPServer.access$800(XMPPServer.java:99)
	at org.jivesoftware.openfire.XMPPServer$ShutdownHookThread.run(XMPPServer.java:839)
2017.11.18 17:09:26 org.eclipse.jetty.util.component.AbstractLifeCycle - FAILED org.eclipse.jetty.server.Server@14cdf541: java.lang.NullPointerException
java.lang.NullPointerException
	at java.util.zip.ZipFile.getZipEntry(ZipFile.java:566)
	at java.util.zip.ZipFile.access$900(ZipFile.java:60)
	at java.util.zip.ZipFile$ZipEntryIterator.next(ZipFile.java:524)
	at java.util.zip.ZipFile$ZipEntryIterator.nextElement(ZipFile.java:499)
	at java.util.zip.ZipFile$ZipEntryIterator.nextElement(ZipFile.java:480)
	at java.util.jar.JarFile$JarEntryIterator.next(JarFile.java:257)
	at java.util.jar.JarFile$JarEntryIterator.nextElement(JarFile.java:266)
	at java.util.jar.JarFile$JarEntryIterator.nextElement(JarFile.java:247)
	at sun.misc.URLClassPath$JarLoader.validIndex(URLClassPath.java:968)
	at sun.misc.URLClassPath$JarLoader.getResource(URLClassPath.java:1101)
	at sun.misc.URLClassPath$JarLoader.getResource(URLClassPath.java:1013)
	at sun.misc.URLClassPath.getResource(URLClassPath.java:212)
	at java.net.URLClassLoader$1.run(URLClassLoader.java:365)
	at java.net.URLClassLoader$1.run(URLClassLoader.java:362)
	at java.security.AccessController.doPrivileged(Native Method)
	at java.net.URLClassLoader.findClass(URLClassLoader.java:361)
	at java.lang.ClassLoader.loadClass(ClassLoader.java:424)
	at java.lang.ClassLoader.loadClass(ClassLoader.java:357)
	at org.eclipse.jetty.server.AbstractConnector.shutdown(AbstractConnector.java:285)
	at org.eclipse.jetty.server.AbstractNetworkConnector.shutdown(AbstractNetworkConnector.java:108)
	at org.eclipse.jetty.server.ServerConnector.shutdown(ServerConnector.java:341)
	at org.eclipse.jetty.server.Server.doStop(Server.java:404)
	at org.eclipse.jetty.util.component.AbstractLifeCycle.stop(AbstractLifeCycle.java:89)
	at org.jivesoftware.openfire.container.AdminConsolePlugin.shutdown(AdminConsolePlugin.java:231)
	at org.jivesoftware.openfire.container.AdminConsolePlugin.destroyPlugin(AdminConsolePlugin.java:251)
	at org.jivesoftware.openfire.container.PluginManager.shutdown(PluginManager.java:112)
	at org.jivesoftware.openfire.XMPPServer.shutdownServer(XMPPServer.java:903)
	at org.jivesoftware.openfire.XMPPServer.access$800(XMPPServer.java:99)
	at org.jivesoftware.openfire.XMPPServer$ShutdownHookThread.run(XMPPServer.java:839)
2017.11.18 17:09:51 org.jivesoftware.openfire.spi.LegacyConnectionAcceptor - Configuration allows for up to 16 threads, although implementation is limited to exactly one.
2017.11.18 17:22:21 org.jivesoftware.openfire.spi.LegacyConnectionAcceptor - Configuration allows for up to 16 threads, although implementation is limited to exactly one.
